<?xml version="1.0" encoding="UTF-8"?>
<testsuite name="com.linecorp.bot.model.profile.UserProfileResponseTest" tests="1" skipped="0" failures="0" errors="0" timestamp="2017-11-14T12:22:43" hostname="Samson-PC" time="0.0">
  <properties/>
  <testcase name="test" classname="com.linecorp.bot.model.profile.UserProfileResponseTest" time="0.0"/>
  <system-out><![CDATA[]]></system-out>
  <system-err><![CDATA[]]></system-err>
</testsuite>
