<?xml version="1.0" encoding="UTF-8"?>
<testsuite name="com.linecorp.bot.model.event.ReplyEventTest" tests="1" skipped="0" failures="0" errors="0" timestamp="2017-11-03T15:25:04" hostname="Samson-PC" time="0.151">
  <properties/>
  <testcase name="eventWithReplyTokenShouldBeImplementReplySupportTest" classname="com.linecorp.bot.model.event.ReplyEventTest" time="0.151"/>
  <system-out><![CDATA[23:25:04.648 [Test worker] DEBUG org.springframework.core.env.StandardEnvironment - Adding [systemProperties] PropertySource with lowest search precedence
23:25:04.653 [Test worker] DEBUG org.springframework.core.env.StandardEnvironment - Adding [systemEnvironment] PropertySource with lowest search precedence
23:25:04.655 [Test worker] DEBUG org.springframework.core.env.StandardEnvironment - Initialized StandardEnvironment with PropertySources [systemProperties,systemEnvironment]
23:25:04.668 [Test worker] DEBUG org.springframework.core.io.support.PathMatchingResourcePatternResolver - Resolved classpath location [com/linecorp/bot/model/event/] to resources [URL [file:/C:/Users/Samson/OneDrive/comp3111/project/Line-chatbot-for-COMP3111-GP29/line-bot-model/build/classes/test/com/linecorp/bot/model/event/], URL [file:/C:/Users/Samson/OneDrive/comp3111/project/Line-chatbot-for-COMP3111-GP29/line-bot-model/build/classes/main/com/linecorp/bot/model/event/]]
23:25:04.669 [Test worker] DEBUG org.springframework.core.io.support.PathMatchingResourcePatternResolver - Looking for matching resources in directory tree [C:\Users\Samson\OneDrive\comp3111\project\Line-chatbot-for-COMP3111-GP29\line-bot-model\build\classes\test\com\linecorp\bot\model\event]
23:25:04.670 [Test worker] DEBUG org.springframework.core.io.support.PathMatchingResourcePatternResolver - Searching directory [C:\Users\Samson\OneDrive\comp3111\project\Line-chatbot-for-COMP3111-GP29\line-bot-model\build\classes\test\com\linecorp\bot\model\event] for files matching pattern [C:/Users/Samson/OneDrive/comp3111/project/Line-chatbot-for-COMP3111-GP29/line-bot-model/build/classes/test/com/linecorp/bot/model/event/**/*.class]
23:25:04.673 [Test worker] DEBUG org.springframework.core.io.support.PathMatchingResourcePatternResolver - Searching directory [C:\Users\Samson\OneDrive\comp3111\project\Line-chatbot-for-COMP3111-GP29\line-bot-model\build\classes\test\com\linecorp\bot\model\event\beacon] for files matching pattern [C:/Users/Samson/OneDrive/comp3111/project/Line-chatbot-for-COMP3111-GP29/line-bot-model/build/classes/test/com/linecorp/bot/model/event/**/*.class]
23:25:04.676 [Test worker] DEBUG org.springframework.core.io.support.PathMatchingResourcePatternResolver - Looking for matching resources in directory tree [C:\Users\Samson\OneDrive\comp3111\project\Line-chatbot-for-COMP3111-GP29\line-bot-model\build\classes\main\com\linecorp\bot\model\event]
23:25:04.677 [Test worker] DEBUG org.springframework.core.io.support.PathMatchingResourcePatternResolver - Searching directory [C:\Users\Samson\OneDrive\comp3111\project\Line-chatbot-for-COMP3111-GP29\line-bot-model\build\classes\main\com\linecorp\bot\model\event] for files matching pattern [C:/Users/Samson/OneDrive/comp3111/project/Line-chatbot-for-COMP3111-GP29/line-bot-model/build/classes/main/com/linecorp/bot/model/event/**/*.class]
23:25:04.677 [Test worker] DEBUG org.springframework.core.io.support.PathMatchingResourcePatternResolver - Searching directory [C:\Users\Samson\OneDrive\comp3111\project\Line-chatbot-for-COMP3111-GP29\line-bot-model\build\classes\main\com\linecorp\bot\model\event\beacon] for files matching pattern [C:/Users/Samson/OneDrive/comp3111/project/Line-chatbot-for-COMP3111-GP29/line-bot-model/build/classes/main/com/linecorp/bot/model/event/**/*.class]
23:25:04.681 [Test worker] DEBUG org.springframework.core.io.support.PathMatchingResourcePatternResolver - Searching directory [C:\Users\Samson\OneDrive\comp3111\project\Line-chatbot-for-COMP3111-GP29\line-bot-model\build\classes\main\com\linecorp\bot\model\event\message] for files matching pattern [C:/Users/Samson/OneDrive/comp3111/project/Line-chatbot-for-COMP3111-GP29/line-bot-model/build/classes/main/com/linecorp/bot/model/event/**/*.class]
23:25:04.683 [Test worker] DEBUG org.springframework.core.io.support.PathMatchingResourcePatternResolver - Searching directory [C:\Users\Samson\OneDrive\comp3111\project\Line-chatbot-for-COMP3111-GP29\line-bot-model\build\classes\main\com\linecorp\bot\model\event\postback] for files matching pattern [C:/Users/Samson/OneDrive/comp3111/project/Line-chatbot-for-COMP3111-GP29/line-bot-model/build/classes/main/com/linecorp/bot/model/event/**/*.class]
23:25:04.684 [Test worker] DEBUG org.springframework.core.io.support.PathMatchingResourcePatternResolver - Searching directory [C:\Users\Samson\OneDrive\comp3111\project\Line-chatbot-for-COMP3111-GP29\line-bot-model\build\classes\main\com\linecorp\bot\model\event\source] for files matching pattern [C:/Users/Samson/OneDrive/comp3111/project/Line-chatbot-for-COMP3111-GP29/line-bot-model/build/classes/main/com/linecorp/bot/model/event/**/*.class]
23:25:04.687 [Test worker] DEBUG org.springframework.core.io.support.PathMatchingResourcePatternResolver - Resolved location pattern [classpath*:com/linecorp/bot/model/event/**/*.class] to resources [file [C:\Users\Samson\OneDrive\comp3111\project\Line-chatbot-for-COMP3111-GP29\line-bot-model\build\classes\test\com\linecorp\bot\model\event\beacon\BeaconContentTest.class], file [C:\Users\Samson\OneDrive\comp3111\project\Line-chatbot-for-COMP3111-GP29\line-bot-model\build\classes\test\com\linecorp\bot\model\event\beacon\BeaconContentUtilTest.class], file [C:\Users\Samson\OneDrive\comp3111\project\Line-chatbot-for-COMP3111-GP29\line-bot-model\build\classes\test\com\linecorp\bot\model\event\CallbackRequestTest$RequestTester.class], file [C:\Users\Samson\OneDrive\comp3111\project\Line-chatbot-for-COMP3111-GP29\line-bot-model\build\classes\test\com\linecorp\bot\model\event\CallbackRequestTest.class], file [C:\Users\Samson\OneDrive\comp3111\project\Line-chatbot-for-COMP3111-GP29\line-bot-model\build\classes\test\com\linecorp\bot\model\event\MessageEventTest.class], file [C:\Users\Samson\OneDrive\comp3111\project\Line-chatbot-for-COMP3111-GP29\line-bot-model\build\classes\test\com\linecorp\bot\model\event\ReplyEventTest.class], file [C:\Users\Samson\OneDrive\comp3111\project\Line-chatbot-for-COMP3111-GP29\line-bot-model\build\classes\main\com\linecorp\bot\model\event\beacon\BeaconContent.class], file [C:\Users\Samson\OneDrive\comp3111\project\Line-chatbot-for-COMP3111-GP29\line-bot-model\build\classes\main\com\linecorp\bot\model\event\beacon\BeaconContentUtil.class], file [C:\Users\Samson\OneDrive\comp3111\project\Line-chatbot-for-COMP3111-GP29\line-bot-model\build\classes\main\com\linecorp\bot\model\event\BeaconEvent.class], file [C:\Users\Samson\OneDrive\comp3111\project\Line-chatbot-for-COMP3111-GP29\line-bot-model\build\classes\main\com\linecorp\bot\model\event\CallbackRequest.class], file [C:\Users\Samson\OneDrive\comp3111\project\Line-chatbot-for-COMP3111-GP29\line-bot-model\build\classes\main\com\linecorp\bot\model\event\Event.class], file [C:\Users\Samson\OneDrive\comp3111\project\Line-chatbot-for-COMP3111-GP29\line-bot-model\build\classes\main\com\linecorp\bot\model\event\FollowEvent.class], file [C:\Users\Samson\OneDrive\comp3111\project\Line-chatbot-for-COMP3111-GP29\line-bot-model\build\classes\main\com\linecorp\bot\model\event\JoinEvent.class], file [C:\Users\Samson\OneDrive\comp3111\project\Line-chatbot-for-COMP3111-GP29\line-bot-model\build\classes\main\com\linecorp\bot\model\event\LeaveEvent.class], file [C:\Users\Samson\OneDrive\comp3111\project\Line-chatbot-for-COMP3111-GP29\line-bot-model\build\classes\main\com\linecorp\bot\model\event\message\AudioMessageContent.class], file [C:\Users\Samson\OneDrive\comp3111\project\Line-chatbot-for-COMP3111-GP29\line-bot-model\build\classes\main\com\linecorp\bot\model\event\message\FileMessageContent.class], file [C:\Users\Samson\OneDrive\comp3111\project\Line-chatbot-for-COMP3111-GP29\line-bot-model\build\classes\main\com\linecorp\bot\model\event\message\ImageMessageContent.class], file [C:\Users\Samson\OneDrive\comp3111\project\Line-chatbot-for-COMP3111-GP29\line-bot-model\build\classes\main\com\linecorp\bot\model\event\message\LocationMessageContent.class], file [C:\Users\Samson\OneDrive\comp3111\project\Line-chatbot-for-COMP3111-GP29\line-bot-model\build\classes\main\com\linecorp\bot\model\event\message\MessageContent.class], file [C:\Users\Samson\OneDrive\comp3111\project\Line-chatbot-for-COMP3111-GP29\line-bot-model\build\classes\main\com\linecorp\bot\model\event\message\StickerMessageContent.class], file [C:\Users\Samson\OneDrive\comp3111\project\Line-chatbot-for-COMP3111-GP29\line-bot-model\build\classes\main\com\linecorp\bot\model\event\message\TextMessageContent.class], file [C:\Users\Samson\OneDrive\comp3111\project\Line-chatbot-for-COMP3111-GP29\line-bot-model\build\classes\main\com\linecorp\bot\model\event\message\UnknownMessageContent.class], file [C:\Users\Samson\OneDrive\comp3111\project\Line-chatbot-for-COMP3111-GP29\line-bot-model\build\classes\main\com\linecorp\bot\model\event\message\VideoMessageContent.class], file [C:\Users\Samson\OneDrive\comp3111\project\Line-chatbot-for-COMP3111-GP29\line-bot-model\build\classes\main\com\linecorp\bot\model\event\MessageEvent.class], file [C:\Users\Samson\OneDrive\comp3111\project\Line-chatbot-for-COMP3111-GP29\line-bot-model\build\classes\main\com\linecorp\bot\model\event\postback\PostbackContent.class], file [C:\Users\Samson\OneDrive\comp3111\project\Line-chatbot-for-COMP3111-GP29\line-bot-model\build\classes\main\com\linecorp\bot\model\event\PostbackEvent.class], file [C:\Users\Samson\OneDrive\comp3111\project\Line-chatbot-for-COMP3111-GP29\line-bot-model\build\classes\main\com\linecorp\bot\model\event\ReplyEvent.class], file [C:\Users\Samson\OneDrive\comp3111\project\Line-chatbot-for-COMP3111-GP29\line-bot-model\build\classes\main\com\linecorp\bot\model\event\source\GroupSource.class], file [C:\Users\Samson\OneDrive\comp3111\project\Line-chatbot-for-COMP3111-GP29\line-bot-model\build\classes\main\com\linecorp\bot\model\event\source\RoomSource.class], file [C:\Users\Samson\OneDrive\comp3111\project\Line-chatbot-for-COMP3111-GP29\line-bot-model\build\classes\main\com\linecorp\bot\model\event\source\Source.class], file [C:\Users\Samson\OneDrive\comp3111\project\Line-chatbot-for-COMP3111-GP29\line-bot-model\build\classes\main\com\linecorp\bot\model\event\source\UnknownSource.class], file [C:\Users\Samson\OneDrive\comp3111\project\Line-chatbot-for-COMP3111-GP29\line-bot-model\build\classes\main\com\linecorp\bot\model\event\source\UserSource.class], file [C:\Users\Samson\OneDrive\comp3111\project\Line-chatbot-for-COMP3111-GP29\line-bot-model\build\classes\main\com\linecorp\bot\model\event\UnfollowEvent.class], file [C:\Users\Samson\OneDrive\comp3111\project\Line-chatbot-for-COMP3111-GP29\line-bot-model\build\classes\main\com\linecorp\bot\model\event\UnknownEvent.class]]
23:25:04.723 [Test worker] DEBUG org.springframework.context.annotation.ClassPathScanningCandidateComponentProvider - Identified candidate component class: file [C:\Users\Samson\OneDrive\comp3111\project\Line-chatbot-for-COMP3111-GP29\line-bot-model\build\classes\test\com\linecorp\bot\model\event\beacon\BeaconContentTest.class]
23:25:04.724 [Test worker] DEBUG org.springframework.context.annotation.ClassPathScanningCandidateComponentProvider - Identified candidate component class: file [C:\Users\Samson\OneDrive\comp3111\project\Line-chatbot-for-COMP3111-GP29\line-bot-model\build\classes\test\com\linecorp\bot\model\event\beacon\BeaconContentUtilTest.class]
23:25:04.725 [Test worker] DEBUG org.springframework.context.annotation.ClassPathScanningCandidateComponentProvider - Ignored because not a concrete top-level class: file [C:\Users\Samson\OneDrive\comp3111\project\Line-chatbot-for-COMP3111-GP29\line-bot-model\build\classes\test\com\linecorp\bot\model\event\CallbackRequestTest$RequestTester.class]
23:25:04.729 [Test worker] DEBUG org.springframework.context.annotation.ClassPathScanningCandidateComponentProvider - Identified candidate component class: file [C:\Users\Samson\OneDrive\comp3111\project\Line-chatbot-for-COMP3111-GP29\line-bot-model\build\classes\test\com\linecorp\bot\model\event\CallbackRequestTest.class]
23:25:04.730 [Test worker] DEBUG org.springframework.context.annotation.ClassPathScanningCandidateComponentProvider - Identified candidate component class: file [C:\Users\Samson\OneDrive\comp3111\project\Line-chatbot-for-COMP3111-GP29\line-bot-model\build\classes\test\com\linecorp\bot\model\event\MessageEventTest.class]
23:25:04.731 [Test worker] DEBUG org.springframework.context.annotation.ClassPathScanningCandidateComponentProvider - Identified candidate component class: file [C:\Users\Samson\OneDrive\comp3111\project\Line-chatbot-for-COMP3111-GP29\line-bot-model\build\classes\test\com\linecorp\bot\model\event\ReplyEventTest.class]
23:25:04.731 [Test worker] DEBUG org.springframework.context.annotation.ClassPathScanningCandidateComponentProvider - Identified candidate component class: file [C:\Users\Samson\OneDrive\comp3111\project\Line-chatbot-for-COMP3111-GP29\line-bot-model\build\classes\main\com\linecorp\bot\model\event\beacon\BeaconContent.class]
23:25:04.732 [Test worker] DEBUG org.springframework.context.annotation.ClassPathScanningCandidateComponentProvider - Identified candidate component class: file [C:\Users\Samson\OneDrive\comp3111\project\Line-chatbot-for-COMP3111-GP29\line-bot-model\build\classes\main\com\linecorp\bot\model\event\beacon\BeaconContentUtil.class]
23:25:04.733 [Test worker] DEBUG org.springframework.context.annotation.ClassPathScanningCandidateComponentProvider - Identified candidate component class: file [C:\Users\Samson\OneDrive\comp3111\project\Line-chatbot-for-COMP3111-GP29\line-bot-model\build\classes\main\com\linecorp\bot\model\event\BeaconEvent.class]
23:25:04.734 [Test worker] DEBUG org.springframework.context.annotation.ClassPathScanningCandidateComponentProvider - Identified candidate component class: file [C:\Users\Samson\OneDrive\comp3111\project\Line-chatbot-for-COMP3111-GP29\line-bot-model\build\classes\main\com\linecorp\bot\model\event\CallbackRequest.class]
23:25:04.735 [Test worker] DEBUG org.springframework.context.annotation.ClassPathScanningCandidateComponentProvider - Ignored because not a concrete top-level class: file [C:\Users\Samson\OneDrive\comp3111\project\Line-chatbot-for-COMP3111-GP29\line-bot-model\build\classes\main\com\linecorp\bot\model\event\Event.class]
23:25:04.736 [Test worker] DEBUG org.springframework.context.annotation.ClassPathScanningCandidateComponentProvider - Identified candidate component class: file [C:\Users\Samson\OneDrive\comp3111\project\Line-chatbot-for-COMP3111-GP29\line-bot-model\build\classes\main\com\linecorp\bot\model\event\FollowEvent.class]
23:25:04.737 [Test worker] DEBUG org.springframework.context.annotation.ClassPathScanningCandidateComponentProvider - Identified candidate component class: file [C:\Users\Samson\OneDrive\comp3111\project\Line-chatbot-for-COMP3111-GP29\line-bot-model\build\classes\main\com\linecorp\bot\model\event\JoinEvent.class]
23:25:04.738 [Test worker] DEBUG org.springframework.context.annotation.ClassPathScanningCandidateComponentProvider - Identified candidate component class: file [C:\Users\Samson\OneDrive\comp3111\project\Line-chatbot-for-COMP3111-GP29\line-bot-model\build\classes\main\com\linecorp\bot\model\event\LeaveEvent.class]
23:25:04.740 [Test worker] DEBUG org.springframework.context.annotation.ClassPathScanningCandidateComponentProvider - Identified candidate component class: file [C:\Users\Samson\OneDrive\comp3111\project\Line-chatbot-for-COMP3111-GP29\line-bot-model\build\classes\main\com\linecorp\bot\model\event\message\AudioMessageContent.class]
23:25:04.741 [Test worker] DEBUG org.springframework.context.annotation.ClassPathScanningCandidateComponentProvider - Identified candidate component class: file [C:\Users\Samson\OneDrive\comp3111\project\Line-chatbot-for-COMP3111-GP29\line-bot-model\build\classes\main\com\linecorp\bot\model\event\message\FileMessageContent.class]
23:25:04.742 [Test worker] DEBUG org.springframework.context.annotation.ClassPathScanningCandidateComponentProvider - Identified candidate component class: file [C:\Users\Samson\OneDrive\comp3111\project\Line-chatbot-for-COMP3111-GP29\line-bot-model\build\classes\main\com\linecorp\bot\model\event\message\ImageMessageContent.class]
23:25:04.744 [Test worker] DEBUG org.springframework.context.annotation.ClassPathScanningCandidateComponentProvider - Identified candidate component class: file [C:\Users\Samson\OneDrive\comp3111\project\Line-chatbot-for-COMP3111-GP29\line-bot-model\build\classes\main\com\linecorp\bot\model\event\message\LocationMessageContent.class]
23:25:04.745 [Test worker] DEBUG org.springframework.context.annotation.ClassPathScanningCandidateComponentProvider - Ignored because not a concrete top-level class: file [C:\Users\Samson\OneDrive\comp3111\project\Line-chatbot-for-COMP3111-GP29\line-bot-model\build\classes\main\com\linecorp\bot\model\event\message\MessageContent.class]
23:25:04.747 [Test worker] DEBUG org.springframework.context.annotation.ClassPathScanningCandidateComponentProvider - Identified candidate component class: file [C:\Users\Samson\OneDrive\comp3111\project\Line-chatbot-for-COMP3111-GP29\line-bot-model\build\classes\main\com\linecorp\bot\model\event\message\StickerMessageContent.class]
23:25:04.748 [Test worker] DEBUG org.springframework.context.annotation.ClassPathScanningCandidateComponentProvider - Identified candidate component class: file [C:\Users\Samson\OneDrive\comp3111\project\Line-chatbot-for-COMP3111-GP29\line-bot-model\build\classes\main\com\linecorp\bot\model\event\message\TextMessageContent.class]
23:25:04.749 [Test worker] DEBUG org.springframework.context.annotation.ClassPathScanningCandidateComponentProvider - Identified candidate component class: file [C:\Users\Samson\OneDrive\comp3111\project\Line-chatbot-for-COMP3111-GP29\line-bot-model\build\classes\main\com\linecorp\bot\model\event\message\UnknownMessageContent.class]
23:25:04.750 [Test worker] DEBUG org.springframework.context.annotation.ClassPathScanningCandidateComponentProvider - Identified candidate component class: file [C:\Users\Samson\OneDrive\comp3111\project\Line-chatbot-for-COMP3111-GP29\line-bot-model\build\classes\main\com\linecorp\bot\model\event\message\VideoMessageContent.class]
23:25:04.752 [Test worker] DEBUG org.springframework.context.annotation.ClassPathScanningCandidateComponentProvider - Identified candidate component class: file [C:\Users\Samson\OneDrive\comp3111\project\Line-chatbot-for-COMP3111-GP29\line-bot-model\build\classes\main\com\linecorp\bot\model\event\MessageEvent.class]
23:25:04.753 [Test worker] DEBUG org.springframework.context.annotation.ClassPathScanningCandidateComponentProvider - Identified candidate component class: file [C:\Users\Samson\OneDrive\comp3111\project\Line-chatbot-for-COMP3111-GP29\line-bot-model\build\classes\main\com\linecorp\bot\model\event\postback\PostbackContent.class]
23:25:04.754 [Test worker] DEBUG org.springframework.context.annotation.ClassPathScanningCandidateComponentProvider - Identified candidate component class: file [C:\Users\Samson\OneDrive\comp3111\project\Line-chatbot-for-COMP3111-GP29\line-bot-model\build\classes\main\com\linecorp\bot\model\event\PostbackEvent.class]
23:25:04.755 [Test worker] DEBUG org.springframework.context.annotation.ClassPathScanningCandidateComponentProvider - Ignored because not a concrete top-level class: file [C:\Users\Samson\OneDrive\comp3111\project\Line-chatbot-for-COMP3111-GP29\line-bot-model\build\classes\main\com\linecorp\bot\model\event\ReplyEvent.class]
23:25:04.756 [Test worker] DEBUG org.springframework.context.annotation.ClassPathScanningCandidateComponentProvider - Identified candidate component class: file [C:\Users\Samson\OneDrive\comp3111\project\Line-chatbot-for-COMP3111-GP29\line-bot-model\build\classes\main\com\linecorp\bot\model\event\source\GroupSource.class]
23:25:04.757 [Test worker] DEBUG org.springframework.context.annotation.ClassPathScanningCandidateComponentProvider - Identified candidate component class: file [C:\Users\Samson\OneDrive\comp3111\project\Line-chatbot-for-COMP3111-GP29\line-bot-model\build\classes\main\com\linecorp\bot\model\event\source\RoomSource.class]
23:25:04.758 [Test worker] DEBUG org.springframework.context.annotation.ClassPathScanningCandidateComponentProvider - Ignored because not a concrete top-level class: file [C:\Users\Samson\OneDrive\comp3111\project\Line-chatbot-for-COMP3111-GP29\line-bot-model\build\classes\main\com\linecorp\bot\model\event\source\Source.class]
23:25:04.760 [Test worker] DEBUG org.springframework.context.annotation.ClassPathScanningCandidateComponentProvider - Identified candidate component class: file [C:\Users\Samson\OneDrive\comp3111\project\Line-chatbot-for-COMP3111-GP29\line-bot-model\build\classes\main\com\linecorp\bot\model\event\source\UnknownSource.class]
23:25:04.761 [Test worker] DEBUG org.springframework.context.annotation.ClassPathScanningCandidateComponentProvider - Identified candidate component class: file [C:\Users\Samson\OneDrive\comp3111\project\Line-chatbot-for-COMP3111-GP29\line-bot-model\build\classes\main\com\linecorp\bot\model\event\source\UserSource.class]
23:25:04.762 [Test worker] DEBUG org.springframework.context.annotation.ClassPathScanningCandidateComponentProvider - Identified candidate component class: file [C:\Users\Samson\OneDrive\comp3111\project\Line-chatbot-for-COMP3111-GP29\line-bot-model\build\classes\main\com\linecorp\bot\model\event\UnfollowEvent.class]
23:25:04.763 [Test worker] DEBUG org.springframework.context.annotation.ClassPathScanningCandidateComponentProvider - Identified candidate component class: file [C:\Users\Samson\OneDrive\comp3111\project\Line-chatbot-for-COMP3111-GP29\line-bot-model\build\classes\main\com\linecorp\bot\model\event\UnknownEvent.class]
23:25:04.776 [Test worker] INFO com.linecorp.bot.model.event.ReplyEventTest - eventClasses = [class com.linecorp.bot.model.event.BeaconEvent, class com.linecorp.bot.model.event.FollowEvent, class com.linecorp.bot.model.event.JoinEvent, class com.linecorp.bot.model.event.LeaveEvent, class com.linecorp.bot.model.event.MessageEvent, class com.linecorp.bot.model.event.PostbackEvent, class com.linecorp.bot.model.event.UnfollowEvent, class com.linecorp.bot.model.event.UnknownEvent]
]]></system-out>
  <system-err><![CDATA[]]></system-err>
</testsuite>
