<?xml version="1.0" encoding="UTF-8"?>
<testsuite name="com.linecorp.bot.model.message.MessageJsonReconstructionTest" tests="9" skipped="0" failures="0" errors="0" timestamp="2017-11-02T20:18:57" hostname="Samson-PC" time="0.094">
  <properties/>
  <testcase name="videoMessageTest" classname="com.linecorp.bot.model.message.MessageJsonReconstructionTest" time="0.011"/>
  <testcase name="imagemapMessageTest" classname="com.linecorp.bot.model.message.MessageJsonReconstructionTest" time="0.009"/>
  <testcase name="locationMessageTest" classname="com.linecorp.bot.model.message.MessageJsonReconstructionTest" time="0.005"/>
  <testcase name="templateMessageWithConfirmTemplateTest" classname="com.linecorp.bot.model.message.MessageJsonReconstructionTest" time="0.027"/>
  <testcase name="audioMessageTest" classname="com.linecorp.bot.model.message.MessageJsonReconstructionTest" time="0.008"/>
  <testcase name="templateMessageWithCarouselTemplateTest" classname="com.linecorp.bot.model.message.MessageJsonReconstructionTest" time="0.016"/>
  <testcase name="stickerMessageTest" classname="com.linecorp.bot.model.message.MessageJsonReconstructionTest" time="0.004"/>
  <testcase name="textMessageTest" classname="com.linecorp.bot.model.message.MessageJsonReconstructionTest" time="0.003"/>
  <testcase name="templateMessageWithButtonsTemplateTest" classname="com.linecorp.bot.model.message.MessageJsonReconstructionTest" time="0.01"/>
  <system-out><![CDATA[04:18:57.618 [Test worker] INFO com.linecorp.bot.model.message.MessageJsonReconstructionTest - Original:      VideoMessage(originalContentUrl=https://example.com/original, previewImageUrl=https://example.com/preview)
04:18:57.621 [Test worker] INFO com.linecorp.bot.model.message.MessageJsonReconstructionTest - AS JSON:       {"type":"video","originalContentUrl":"https://example.com/original","previewImageUrl":"https://example.com/preview"}
04:18:57.625 [Test worker] INFO com.linecorp.bot.model.message.MessageJsonReconstructionTest - Reconstructed: VideoMessage(originalContentUrl=https://example.com/original, previewImageUrl=https://example.com/preview)
04:18:57.626 [Test worker] INFO com.linecorp.bot.model.message.MessageJsonReconstructionTest - Original:      ImagemapMessage(baseUrl=baseUrl, altText=altText, baseSize=ImagemapBaseSize(height=1040, width=1040), actions=[])
04:18:57.629 [Test worker] INFO com.linecorp.bot.model.message.MessageJsonReconstructionTest - AS JSON:       {"type":"imagemap","baseUrl":"baseUrl","altText":"altText","baseSize":{"height":1040,"width":1040},"actions":[]}
04:18:57.632 [Test worker] INFO com.linecorp.bot.model.message.MessageJsonReconstructionTest - Reconstructed: ImagemapMessage(baseUrl=baseUrl, altText=altText, baseSize=ImagemapBaseSize(height=1040, width=1040), actions=[])
04:18:57.635 [Test worker] INFO com.linecorp.bot.model.message.MessageJsonReconstructionTest - Original:      LocationMessage(title=title, address=address, latitude=135.0, longitude=0.0)
04:18:57.637 [Test worker] INFO com.linecorp.bot.model.message.MessageJsonReconstructionTest - AS JSON:       {"type":"location","title":"title","address":"address","latitude":135.0,"longitude":0.0}
04:18:57.639 [Test worker] INFO com.linecorp.bot.model.message.MessageJsonReconstructionTest - Reconstructed: LocationMessage(title=title, address=address, latitude=135.0, longitude=0.0)
04:18:57.644 [Test worker] INFO com.linecorp.bot.model.message.MessageJsonReconstructionTest - Original:      TemplateMessage(altText=ALT, template=ConfirmTemplate(text=text, actions=[URIAction(label=label, uri=http://example.com), MessageAction(label=label, text=text)]))
04:18:57.661 [Test worker] INFO com.linecorp.bot.model.message.MessageJsonReconstructionTest - AS JSON:       {"type":"template","altText":"ALT","template":{"type":"confirm","text":"text","actions":[{"type":"uri","label":"label","uri":"http://example.com"},{"type":"message","label":"label","text":"text"}]}}
04:18:57.666 [Test worker] INFO com.linecorp.bot.model.message.MessageJsonReconstructionTest - Reconstructed: TemplateMessage(altText=ALT, template=ConfirmTemplate(text=text, actions=[URIAction(label=label, uri=http://example.com), MessageAction(label=label, text=text)]))
04:18:57.667 [Test worker] INFO com.linecorp.bot.model.message.MessageJsonReconstructionTest - Original:      AudioMessage(originalContentUrl=originalUrl, duration=20)
04:18:57.670 [Test worker] INFO com.linecorp.bot.model.message.MessageJsonReconstructionTest - AS JSON:       {"type":"audio","originalContentUrl":"originalUrl","duration":20}
04:18:57.673 [Test worker] INFO com.linecorp.bot.model.message.MessageJsonReconstructionTest - Reconstructed: AudioMessage(originalContentUrl=originalUrl, duration=20)
04:18:57.676 [Test worker] INFO com.linecorp.bot.model.message.MessageJsonReconstructionTest - Original:      TemplateMessage(altText=ALT, template=CarouselTemplate(columns=[CarouselColumn(thumbnailImageUrl=thumbnail, title=title, text=text, actions=[PostbackAction(label=postback, data=data, text=null)])]))
04:18:57.681 [Test worker] INFO com.linecorp.bot.model.message.MessageJsonReconstructionTest - AS JSON:       {"type":"template","altText":"ALT","template":{"type":"carousel","columns":[{"thumbnailImageUrl":"thumbnail","title":"title","text":"text","actions":[{"type":"postback","label":"postback","data":"data"}]}]}}
04:18:57.690 [Test worker] INFO com.linecorp.bot.model.message.MessageJsonReconstructionTest - Reconstructed: TemplateMessage(altText=ALT, template=CarouselTemplate(columns=[CarouselColumn(thumbnailImageUrl=thumbnail, title=title, text=text, actions=[PostbackAction(label=postback, data=data, text=null)])]))
04:18:57.691 [Test worker] INFO com.linecorp.bot.model.message.MessageJsonReconstructionTest - Original:      StickerMessage(packageId=123, stickerId=456)
04:18:57.693 [Test worker] INFO com.linecorp.bot.model.message.MessageJsonReconstructionTest - AS JSON:       {"type":"sticker","packageId":"123","stickerId":"456"}
04:18:57.694 [Test worker] INFO com.linecorp.bot.model.message.MessageJsonReconstructionTest - Reconstructed: StickerMessage(packageId=123, stickerId=456)
04:18:57.695 [Test worker] INFO com.linecorp.bot.model.message.MessageJsonReconstructionTest - Original:      TextMessage(text=TEST)
04:18:57.696 [Test worker] INFO com.linecorp.bot.model.message.MessageJsonReconstructionTest - AS JSON:       {"type":"text","text":"TEST"}
04:18:57.698 [Test worker] INFO com.linecorp.bot.model.message.MessageJsonReconstructionTest - Reconstructed: TextMessage(text=TEST)
04:18:57.699 [Test worker] INFO com.linecorp.bot.model.message.MessageJsonReconstructionTest - Original:      TemplateMessage(altText=ALT, template=ButtonsTemplate(thumbnailImageUrl=https://example.com, title=title, text=text, actions=[MessageAction(label=label, text=text)]))
04:18:57.703 [Test worker] INFO com.linecorp.bot.model.message.MessageJsonReconstructionTest - AS JSON:       {"type":"template","altText":"ALT","template":{"type":"buttons","thumbnailImageUrl":"https://example.com","title":"title","text":"text","actions":[{"type":"message","label":"label","text":"text"}]}}
04:18:57.708 [Test worker] INFO com.linecorp.bot.model.message.MessageJsonReconstructionTest - Reconstructed: TemplateMessage(altText=ALT, template=ButtonsTemplate(thumbnailImageUrl=https://example.com, title=title, text=text, actions=[MessageAction(label=label, text=text)]))
]]></system-out>
  <system-err><![CDATA[]]></system-err>
</testsuite>
