<?xml version="1.0" encoding="UTF-8"?>
<testsuite name="com.linecorp.bot.model.event.ReplyEventTest" tests="1" skipped="0" failures="0" errors="0" timestamp="2017-11-14T12:22:42" hostname="Samson-PC" time="1.029">
  <properties/>
  <testcase name="eventWithReplyTokenShouldBeImplementReplySupportTest" classname="com.linecorp.bot.model.event.ReplyEventTest" time="1.029"/>
  <system-out><![CDATA[20:22:42.841 [Test worker] DEBUG org.springframework.core.env.StandardEnvironment - Adding [systemProperties] PropertySource with lowest search precedence
20:22:42.841 [Test worker] DEBUG org.springframework.core.env.StandardEnvironment - Adding [systemEnvironment] PropertySource with lowest search precedence
20:22:42.856 [Test worker] DEBUG org.springframework.core.env.StandardEnvironment - Initialized StandardEnvironment with PropertySources [systemProperties,systemEnvironment]
20:22:42.966 [Test worker] DEBUG org.springframework.core.io.support.PathMatchingResourcePatternResolver - Resolved classpath location [com/linecorp/bot/model/event/] to resources [URL [file:/C:/Users/Samson/OneDrive/comp3111/project/Line-chatbot-for-COMP3111-GP29/line-bot-model/build/classes/test/com/linecorp/bot/model/event/], URL [file:/C:/Users/Samson/OneDrive/comp3111/project/Line-chatbot-for-COMP3111-GP29/line-bot-model/build/classes/main/com/linecorp/bot/model/event/]]
20:22:42.981 [Test worker] DEBUG org.springframework.core.io.support.PathMatchingResourcePatternResolver - Looking for matching resources in directory tree [C:\Users\Samson\OneDrive\comp3111\project\Line-chatbot-for-COMP3111-GP29\line-bot-model\build\classes\test\com\linecorp\bot\model\event]
20:22:42.981 [Test worker] DEBUG org.springframework.core.io.support.PathMatchingResourcePatternResolver - Searching directory [C:\Users\Samson\OneDrive\comp3111\project\Line-chatbot-for-COMP3111-GP29\line-bot-model\build\classes\test\com\linecorp\bot\model\event] for files matching pattern [C:/Users/Samson/OneDrive/comp3111/project/Line-chatbot-for-COMP3111-GP29/line-bot-model/build/classes/test/com/linecorp/bot/model/event/**/*.class]
20:22:42.981 [Test worker] DEBUG org.springframework.core.io.support.PathMatchingResourcePatternResolver - Searching directory [C:\Users\Samson\OneDrive\comp3111\project\Line-chatbot-for-COMP3111-GP29\line-bot-model\build\classes\test\com\linecorp\bot\model\event\beacon] for files matching pattern [C:/Users/Samson/OneDrive/comp3111/project/Line-chatbot-for-COMP3111-GP29/line-bot-model/build/classes/test/com/linecorp/bot/model/event/**/*.class]
20:22:42.997 [Test worker] DEBUG org.springframework.core.io.support.PathMatchingResourcePatternResolver - Looking for matching resources in directory tree [C:\Users\Samson\OneDrive\comp3111\project\Line-chatbot-for-COMP3111-GP29\line-bot-model\build\classes\main\com\linecorp\bot\model\event]
20:22:42.997 [Test worker] DEBUG org.springframework.core.io.support.PathMatchingResourcePatternResolver - Searching directory [C:\Users\Samson\OneDrive\comp3111\project\Line-chatbot-for-COMP3111-GP29\line-bot-model\build\classes\main\com\linecorp\bot\model\event] for files matching pattern [C:/Users/Samson/OneDrive/comp3111/project/Line-chatbot-for-COMP3111-GP29/line-bot-model/build/classes/main/com/linecorp/bot/model/event/**/*.class]
20:22:42.997 [Test worker] DEBUG org.springframework.core.io.support.PathMatchingResourcePatternResolver - Searching directory [C:\Users\Samson\OneDrive\comp3111\project\Line-chatbot-for-COMP3111-GP29\line-bot-model\build\classes\main\com\linecorp\bot\model\event\beacon] for files matching pattern [C:/Users/Samson/OneDrive/comp3111/project/Line-chatbot-for-COMP3111-GP29/line-bot-model/build/classes/main/com/linecorp/bot/model/event/**/*.class]
20:22:43.012 [Test worker] DEBUG org.springframework.core.io.support.PathMatchingResourcePatternResolver - Searching directory [C:\Users\Samson\OneDrive\comp3111\project\Line-chatbot-for-COMP3111-GP29\line-bot-model\build\classes\main\com\linecorp\bot\model\event\message] for files matching pattern [C:/Users/Samson/OneDrive/comp3111/project/Line-chatbot-for-COMP3111-GP29/line-bot-model/build/classes/main/com/linecorp/bot/model/event/**/*.class]
20:22:43.028 [Test worker] DEBUG org.springframework.core.io.support.PathMatchingResourcePatternResolver - Searching directory [C:\Users\Samson\OneDrive\comp3111\project\Line-chatbot-for-COMP3111-GP29\line-bot-model\build\classes\main\com\linecorp\bot\model\event\postback] for files matching pattern [C:/Users/Samson/OneDrive/comp3111/project/Line-chatbot-for-COMP3111-GP29/line-bot-model/build/classes/main/com/linecorp/bot/model/event/**/*.class]
20:22:43.028 [Test worker] DEBUG org.springframework.core.io.support.PathMatchingResourcePatternResolver - Searching directory [C:\Users\Samson\OneDrive\comp3111\project\Line-chatbot-for-COMP3111-GP29\line-bot-model\build\classes\main\com\linecorp\bot\model\event\source] for files matching pattern [C:/Users/Samson/OneDrive/comp3111/project/Line-chatbot-for-COMP3111-GP29/line-bot-model/build/classes/main/com/linecorp/bot/model/event/**/*.class]
20:22:43.044 [Test worker] DEBUG org.springframework.core.io.support.PathMatchingResourcePatternResolver - Resolved location pattern [classpath*:com/linecorp/bot/model/event/**/*.class] to resources [file [C:\Users\Samson\OneDrive\comp3111\project\Line-chatbot-for-COMP3111-GP29\line-bot-model\build\classes\test\com\linecorp\bot\model\event\beacon\BeaconContentTest.class], file [C:\Users\Samson\OneDrive\comp3111\project\Line-chatbot-for-COMP3111-GP29\line-bot-model\build\classes\test\com\linecorp\bot\model\event\beacon\BeaconContentUtilTest.class], file [C:\Users\Samson\OneDrive\comp3111\project\Line-chatbot-for-COMP3111-GP29\line-bot-model\build\classes\test\com\linecorp\bot\model\event\CallbackRequestTest$RequestTester.class], file [C:\Users\Samson\OneDrive\comp3111\project\Line-chatbot-for-COMP3111-GP29\line-bot-model\build\classes\test\com\linecorp\bot\model\event\CallbackRequestTest.class], file [C:\Users\Samson\OneDrive\comp3111\project\Line-chatbot-for-COMP3111-GP29\line-bot-model\build\classes\test\com\linecorp\bot\model\event\MessageEventTest.class], file [C:\Users\Samson\OneDrive\comp3111\project\Line-chatbot-for-COMP3111-GP29\line-bot-model\build\classes\test\com\linecorp\bot\model\event\ReplyEventTest.class], file [C:\Users\Samson\OneDrive\comp3111\project\Line-chatbot-for-COMP3111-GP29\line-bot-model\build\classes\main\com\linecorp\bot\model\event\beacon\BeaconContent.class], file [C:\Users\Samson\OneDrive\comp3111\project\Line-chatbot-for-COMP3111-GP29\line-bot-model\build\classes\main\com\linecorp\bot\model\event\beacon\BeaconContentUtil.class], file [C:\Users\Samson\OneDrive\comp3111\project\Line-chatbot-for-COMP3111-GP29\line-bot-model\build\classes\main\com\linecorp\bot\model\event\BeaconEvent.class], file [C:\Users\Samson\OneDrive\comp3111\project\Line-chatbot-for-COMP3111-GP29\line-bot-model\build\classes\main\com\linecorp\bot\model\event\CallbackRequest.class], file [C:\Users\Samson\OneDrive\comp3111\project\Line-chatbot-for-COMP3111-GP29\line-bot-model\build\classes\main\com\linecorp\bot\model\event\Event.class], file [C:\Users\Samson\OneDrive\comp3111\project\Line-chatbot-for-COMP3111-GP29\line-bot-model\build\classes\main\com\linecorp\bot\model\event\FollowEvent.class], file [C:\Users\Samson\OneDrive\comp3111\project\Line-chatbot-for-COMP3111-GP29\line-bot-model\build\classes\main\com\linecorp\bot\model\event\JoinEvent.class], file [C:\Users\Samson\OneDrive\comp3111\project\Line-chatbot-for-COMP3111-GP29\line-bot-model\build\classes\main\com\linecorp\bot\model\event\LeaveEvent.class], file [C:\Users\Samson\OneDrive\comp3111\project\Line-chatbot-for-COMP3111-GP29\line-bot-model\build\classes\main\com\linecorp\bot\model\event\message\AudioMessageContent.class], file [C:\Users\Samson\OneDrive\comp3111\project\Line-chatbot-for-COMP3111-GP29\line-bot-model\build\classes\main\com\linecorp\bot\model\event\message\FileMessageContent.class], file [C:\Users\Samson\OneDrive\comp3111\project\Line-chatbot-for-COMP3111-GP29\line-bot-model\build\classes\main\com\linecorp\bot\model\event\message\ImageMessageContent.class], file [C:\Users\Samson\OneDrive\comp3111\project\Line-chatbot-for-COMP3111-GP29\line-bot-model\build\classes\main\com\linecorp\bot\model\event\message\LocationMessageContent.class], file [C:\Users\Samson\OneDrive\comp3111\project\Line-chatbot-for-COMP3111-GP29\line-bot-model\build\classes\main\com\linecorp\bot\model\event\message\MessageContent.class], file [C:\Users\Samson\OneDrive\comp3111\project\Line-chatbot-for-COMP3111-GP29\line-bot-model\build\classes\main\com\linecorp\bot\model\event\message\StickerMessageContent.class], file [C:\Users\Samson\OneDrive\comp3111\project\Line-chatbot-for-COMP3111-GP29\line-bot-model\build\classes\main\com\linecorp\bot\model\event\message\TextMessageContent.class], file [C:\Users\Samson\OneDrive\comp3111\project\Line-chatbot-for-COMP3111-GP29\line-bot-model\build\classes\main\com\linecorp\bot\model\event\message\UnknownMessageContent.class], file [C:\Users\Samson\OneDrive\comp3111\project\Line-chatbot-for-COMP3111-GP29\line-bot-model\build\classes\main\com\linecorp\bot\model\event\message\VideoMessageContent.class], file [C:\Users\Samson\OneDrive\comp3111\project\Line-chatbot-for-COMP3111-GP29\line-bot-model\build\classes\main\com\linecorp\bot\model\event\MessageEvent.class], file [C:\Users\Samson\OneDrive\comp3111\project\Line-chatbot-for-COMP3111-GP29\line-bot-model\build\classes\main\com\linecorp\bot\model\event\postback\PostbackContent.class], file [C:\Users\Samson\OneDrive\comp3111\project\Line-chatbot-for-COMP3111-GP29\line-bot-model\build\classes\main\com\linecorp\bot\model\event\PostbackEvent.class], file [C:\Users\Samson\OneDrive\comp3111\project\Line-chatbot-for-COMP3111-GP29\line-bot-model\build\classes\main\com\linecorp\bot\model\event\ReplyEvent.class], file [C:\Users\Samson\OneDrive\comp3111\project\Line-chatbot-for-COMP3111-GP29\line-bot-model\build\classes\main\com\linecorp\bot\model\event\source\GroupSource.class], file [C:\Users\Samson\OneDrive\comp3111\project\Line-chatbot-for-COMP3111-GP29\line-bot-model\build\classes\main\com\linecorp\bot\model\event\source\RoomSource.class], file [C:\Users\Samson\OneDrive\comp3111\project\Line-chatbot-for-COMP3111-GP29\line-bot-model\build\classes\main\com\linecorp\bot\model\event\source\Source.class], file [C:\Users\Samson\OneDrive\comp3111\project\Line-chatbot-for-COMP3111-GP29\line-bot-model\build\classes\main\com\linecorp\bot\model\event\source\UnknownSource.class], file [C:\Users\Samson\OneDrive\comp3111\project\Line-chatbot-for-COMP3111-GP29\line-bot-model\build\classes\main\com\linecorp\bot\model\event\source\UserSource.class], file [C:\Users\Samson\OneDrive\comp3111\project\Line-chatbot-for-COMP3111-GP29\line-bot-model\build\classes\main\com\linecorp\bot\model\event\UnfollowEvent.class], file [C:\Users\Samson\OneDrive\comp3111\project\Line-chatbot-for-COMP3111-GP29\line-bot-model\build\classes\main\com\linecorp\bot\model\event\UnknownEvent.class]]
20:22:43.408 [Test worker] DEBUG org.springframework.context.annotation.ClassPathScanningCandidateComponentProvider - Identified candidate component class: file [C:\Users\Samson\OneDrive\comp3111\project\Line-chatbot-for-COMP3111-GP29\line-bot-model\build\classes\test\com\linecorp\bot\model\event\beacon\BeaconContentTest.class]
20:22:43.412 [Test worker] DEBUG org.springframework.context.annotation.ClassPathScanningCandidateComponentProvider - Identified candidate component class: file [C:\Users\Samson\OneDrive\comp3111\project\Line-chatbot-for-COMP3111-GP29\line-bot-model\build\classes\test\com\linecorp\bot\model\event\beacon\BeaconContentUtilTest.class]
20:22:43.416 [Test worker] DEBUG org.springframework.context.annotation.ClassPathScanningCandidateComponentProvider - Ignored because not a concrete top-level class: file [C:\Users\Samson\OneDrive\comp3111\project\Line-chatbot-for-COMP3111-GP29\line-bot-model\build\classes\test\com\linecorp\bot\model\event\CallbackRequestTest$RequestTester.class]
20:22:43.416 [Test worker] DEBUG org.springframework.context.annotation.ClassPathScanningCandidateComponentProvider - Identified candidate component class: file [C:\Users\Samson\OneDrive\comp3111\project\Line-chatbot-for-COMP3111-GP29\line-bot-model\build\classes\test\com\linecorp\bot\model\event\CallbackRequestTest.class]
20:22:43.432 [Test worker] DEBUG org.springframework.context.annotation.ClassPathScanningCandidateComponentProvider - Identified candidate component class: file [C:\Users\Samson\OneDrive\comp3111\project\Line-chatbot-for-COMP3111-GP29\line-bot-model\build\classes\test\com\linecorp\bot\model\event\MessageEventTest.class]
20:22:43.432 [Test worker] DEBUG org.springframework.context.annotation.ClassPathScanningCandidateComponentProvider - Identified candidate component class: file [C:\Users\Samson\OneDrive\comp3111\project\Line-chatbot-for-COMP3111-GP29\line-bot-model\build\classes\test\com\linecorp\bot\model\event\ReplyEventTest.class]
20:22:43.432 [Test worker] DEBUG org.springframework.context.annotation.ClassPathScanningCandidateComponentProvider - Identified candidate component class: file [C:\Users\Samson\OneDrive\comp3111\project\Line-chatbot-for-COMP3111-GP29\line-bot-model\build\classes\main\com\linecorp\bot\model\event\beacon\BeaconContent.class]
20:22:43.432 [Test worker] DEBUG org.springframework.context.annotation.ClassPathScanningCandidateComponentProvider - Identified candidate component class: file [C:\Users\Samson\OneDrive\comp3111\project\Line-chatbot-for-COMP3111-GP29\line-bot-model\build\classes\main\com\linecorp\bot\model\event\beacon\BeaconContentUtil.class]
20:22:43.447 [Test worker] DEBUG org.springframework.context.annotation.ClassPathScanningCandidateComponentProvider - Identified candidate component class: file [C:\Users\Samson\OneDrive\comp3111\project\Line-chatbot-for-COMP3111-GP29\line-bot-model\build\classes\main\com\linecorp\bot\model\event\BeaconEvent.class]
20:22:43.447 [Test worker] DEBUG org.springframework.context.annotation.ClassPathScanningCandidateComponentProvider - Identified candidate component class: file [C:\Users\Samson\OneDrive\comp3111\project\Line-chatbot-for-COMP3111-GP29\line-bot-model\build\classes\main\com\linecorp\bot\model\event\CallbackRequest.class]
20:22:43.447 [Test worker] DEBUG org.springframework.context.annotation.ClassPathScanningCandidateComponentProvider - Ignored because not a concrete top-level class: file [C:\Users\Samson\OneDrive\comp3111\project\Line-chatbot-for-COMP3111-GP29\line-bot-model\build\classes\main\com\linecorp\bot\model\event\Event.class]
20:22:43.447 [Test worker] DEBUG org.springframework.context.annotation.ClassPathScanningCandidateComponentProvider - Identified candidate component class: file [C:\Users\Samson\OneDrive\comp3111\project\Line-chatbot-for-COMP3111-GP29\line-bot-model\build\classes\main\com\linecorp\bot\model\event\FollowEvent.class]
20:22:43.447 [Test worker] DEBUG org.springframework.context.annotation.ClassPathScanningCandidateComponentProvider - Identified candidate component class: file [C:\Users\Samson\OneDrive\comp3111\project\Line-chatbot-for-COMP3111-GP29\line-bot-model\build\classes\main\com\linecorp\bot\model\event\JoinEvent.class]
20:22:43.447 [Test worker] DEBUG org.springframework.context.annotation.ClassPathScanningCandidateComponentProvider - Identified candidate component class: file [C:\Users\Samson\OneDrive\comp3111\project\Line-chatbot-for-COMP3111-GP29\line-bot-model\build\classes\main\com\linecorp\bot\model\event\LeaveEvent.class]
20:22:43.447 [Test worker] DEBUG org.springframework.context.annotation.ClassPathScanningCandidateComponentProvider - Identified candidate component class: file [C:\Users\Samson\OneDrive\comp3111\project\Line-chatbot-for-COMP3111-GP29\line-bot-model\build\classes\main\com\linecorp\bot\model\event\message\AudioMessageContent.class]
20:22:43.463 [Test worker] DEBUG org.springframework.context.annotation.ClassPathScanningCandidateComponentProvider - Identified candidate component class: file [C:\Users\Samson\OneDrive\comp3111\project\Line-chatbot-for-COMP3111-GP29\line-bot-model\build\classes\main\com\linecorp\bot\model\event\message\FileMessageContent.class]
20:22:43.463 [Test worker] DEBUG org.springframework.context.annotation.ClassPathScanningCandidateComponentProvider - Identified candidate component class: file [C:\Users\Samson\OneDrive\comp3111\project\Line-chatbot-for-COMP3111-GP29\line-bot-model\build\classes\main\com\linecorp\bot\model\event\message\ImageMessageContent.class]
20:22:43.479 [Test worker] DEBUG org.springframework.context.annotation.ClassPathScanningCandidateComponentProvider - Identified candidate component class: file [C:\Users\Samson\OneDrive\comp3111\project\Line-chatbot-for-COMP3111-GP29\line-bot-model\build\classes\main\com\linecorp\bot\model\event\message\LocationMessageContent.class]
20:22:43.479 [Test worker] DEBUG org.springframework.context.annotation.ClassPathScanningCandidateComponentProvider - Ignored because not a concrete top-level class: file [C:\Users\Samson\OneDrive\comp3111\project\Line-chatbot-for-COMP3111-GP29\line-bot-model\build\classes\main\com\linecorp\bot\model\event\message\MessageContent.class]
20:22:43.479 [Test worker] DEBUG org.springframework.context.annotation.ClassPathScanningCandidateComponentProvider - Identified candidate component class: file [C:\Users\Samson\OneDrive\comp3111\project\Line-chatbot-for-COMP3111-GP29\line-bot-model\build\classes\main\com\linecorp\bot\model\event\message\StickerMessageContent.class]
20:22:43.479 [Test worker] DEBUG org.springframework.context.annotation.ClassPathScanningCandidateComponentProvider - Identified candidate component class: file [C:\Users\Samson\OneDrive\comp3111\project\Line-chatbot-for-COMP3111-GP29\line-bot-model\build\classes\main\com\linecorp\bot\model\event\message\TextMessageContent.class]
20:22:43.479 [Test worker] DEBUG org.springframework.context.annotation.ClassPathScanningCandidateComponentProvider - Identified candidate component class: file [C:\Users\Samson\OneDrive\comp3111\project\Line-chatbot-for-COMP3111-GP29\line-bot-model\build\classes\main\com\linecorp\bot\model\event\message\UnknownMessageContent.class]
20:22:43.479 [Test worker] DEBUG org.springframework.context.annotation.ClassPathScanningCandidateComponentProvider - Identified candidate component class: file [C:\Users\Samson\OneDrive\comp3111\project\Line-chatbot-for-COMP3111-GP29\line-bot-model\build\classes\main\com\linecorp\bot\model\event\message\VideoMessageContent.class]
20:22:43.479 [Test worker] DEBUG org.springframework.context.annotation.ClassPathScanningCandidateComponentProvider - Identified candidate component class: file [C:\Users\Samson\OneDrive\comp3111\project\Line-chatbot-for-COMP3111-GP29\line-bot-model\build\classes\main\com\linecorp\bot\model\event\MessageEvent.class]
20:22:43.479 [Test worker] DEBUG org.springframework.context.annotation.ClassPathScanningCandidateComponentProvider - Identified candidate component class: file [C:\Users\Samson\OneDrive\comp3111\project\Line-chatbot-for-COMP3111-GP29\line-bot-model\build\classes\main\com\linecorp\bot\model\event\postback\PostbackContent.class]
20:22:43.479 [Test worker] DEBUG org.springframework.context.annotation.ClassPathScanningCandidateComponentProvider - Identified candidate component class: file [C:\Users\Samson\OneDrive\comp3111\project\Line-chatbot-for-COMP3111-GP29\line-bot-model\build\classes\main\com\linecorp\bot\model\event\PostbackEvent.class]
20:22:43.479 [Test worker] DEBUG org.springframework.context.annotation.ClassPathScanningCandidateComponentProvider - Ignored because not a concrete top-level class: file [C:\Users\Samson\OneDrive\comp3111\project\Line-chatbot-for-COMP3111-GP29\line-bot-model\build\classes\main\com\linecorp\bot\model\event\ReplyEvent.class]
20:22:43.494 [Test worker] DEBUG org.springframework.context.annotation.ClassPathScanningCandidateComponentProvider - Identified candidate component class: file [C:\Users\Samson\OneDrive\comp3111\project\Line-chatbot-for-COMP3111-GP29\line-bot-model\build\classes\main\com\linecorp\bot\model\event\source\GroupSource.class]
20:22:43.494 [Test worker] DEBUG org.springframework.context.annotation.ClassPathScanningCandidateComponentProvider - Identified candidate component class: file [C:\Users\Samson\OneDrive\comp3111\project\Line-chatbot-for-COMP3111-GP29\line-bot-model\build\classes\main\com\linecorp\bot\model\event\source\RoomSource.class]
20:22:43.494 [Test worker] DEBUG org.springframework.context.annotation.ClassPathScanningCandidateComponentProvider - Ignored because not a concrete top-level class: file [C:\Users\Samson\OneDrive\comp3111\project\Line-chatbot-for-COMP3111-GP29\line-bot-model\build\classes\main\com\linecorp\bot\model\event\source\Source.class]
20:22:43.494 [Test worker] DEBUG org.springframework.context.annotation.ClassPathScanningCandidateComponentProvider - Identified candidate component class: file [C:\Users\Samson\OneDrive\comp3111\project\Line-chatbot-for-COMP3111-GP29\line-bot-model\build\classes\main\com\linecorp\bot\model\event\source\UnknownSource.class]
20:22:43.494 [Test worker] DEBUG org.springframework.context.annotation.ClassPathScanningCandidateComponentProvider - Identified candidate component class: file [C:\Users\Samson\OneDrive\comp3111\project\Line-chatbot-for-COMP3111-GP29\line-bot-model\build\classes\main\com\linecorp\bot\model\event\source\UserSource.class]
20:22:43.494 [Test worker] DEBUG org.springframework.context.annotation.ClassPathScanningCandidateComponentProvider - Identified candidate component class: file [C:\Users\Samson\OneDrive\comp3111\project\Line-chatbot-for-COMP3111-GP29\line-bot-model\build\classes\main\com\linecorp\bot\model\event\UnfollowEvent.class]
20:22:43.494 [Test worker] DEBUG org.springframework.context.annotation.ClassPathScanningCandidateComponentProvider - Identified candidate component class: file [C:\Users\Samson\OneDrive\comp3111\project\Line-chatbot-for-COMP3111-GP29\line-bot-model\build\classes\main\com\linecorp\bot\model\event\UnknownEvent.class]
20:22:43.619 [Test worker] INFO com.linecorp.bot.model.event.ReplyEventTest - eventClasses = [class com.linecorp.bot.model.event.BeaconEvent, class com.linecorp.bot.model.event.FollowEvent, class com.linecorp.bot.model.event.JoinEvent, class com.linecorp.bot.model.event.LeaveEvent, class com.linecorp.bot.model.event.MessageEvent, class com.linecorp.bot.model.event.PostbackEvent, class com.linecorp.bot.model.event.UnfollowEvent, class com.linecorp.bot.model.event.UnknownEvent]
]]></system-out>
  <system-err><![CDATA[]]></system-err>
</testsuite>
