<?xml version="1.0" encoding="UTF-8"?>
<testsuite name="com.linecorp.bot.model.message.imagemap.URIImagemapActionTest" tests="1" skipped="0" failures="0" errors="0" timestamp="2017-11-02T20:18:57" hostname="Samson-PC" time="0.001">
  <properties/>
  <testcase name="getLinkUri" classname="com.linecorp.bot.model.message.imagemap.URIImagemapActionTest" time="0.001"/>
  <system-out><![CDATA[]]></system-out>
  <system-err><![CDATA[]]></system-err>
</testsuite>
