<?xml version="1.0" encoding="UTF-8"?>
<testsuite name="com.linecorp.bot.model.event.ReplyEventTest" tests="1" skipped="0" failures="0" errors="0" timestamp="2017-11-02T20:18:57" hostname="Samson-PC" time="0.535">
  <properties/>
  <testcase name="eventWithReplyTokenShouldBeImplementReplySupportTest" classname="com.linecorp.bot.model.event.ReplyEventTest" time="0.535"/>
  <system-out><![CDATA[04:18:57.182 [Test worker] DEBUG org.springframework.core.env.StandardEnvironment - Adding [systemProperties] PropertySource with lowest search precedence
04:18:57.189 [Test worker] DEBUG org.springframework.core.env.StandardEnvironment - Adding [systemEnvironment] PropertySource with lowest search precedence
04:18:57.208 [Test worker] DEBUG org.springframework.core.env.StandardEnvironment - Initialized StandardEnvironment with PropertySources [systemProperties,systemEnvironment]
04:18:57.234 [Test worker] DEBUG org.springframework.core.io.support.PathMatchingResourcePatternResolver - Resolved classpath location [com/linecorp/bot/model/event/] to resources [URL [file:/C:/Users/Samson/OneDrive/comp3111/project/Line-chatbot-for-COMP3111-GP29/line-bot-model/build/classes/test/com/linecorp/bot/model/event/], URL [file:/C:/Users/Samson/OneDrive/comp3111/project/Line-chatbot-for-COMP3111-GP29/line-bot-model/build/classes/main/com/linecorp/bot/model/event/]]
04:18:57.237 [Test worker] DEBUG org.springframework.core.io.support.PathMatchingResourcePatternResolver - Looking for matching resources in directory tree [C:\Users\Samson\OneDrive\comp3111\project\Line-chatbot-for-COMP3111-GP29\line-bot-model\build\classes\test\com\linecorp\bot\model\event]
04:18:57.239 [Test worker] DEBUG org.springframework.core.io.support.PathMatchingResourcePatternResolver - Searching directory [C:\Users\Samson\OneDrive\comp3111\project\Line-chatbot-for-COMP3111-GP29\line-bot-model\build\classes\test\com\linecorp\bot\model\event] for files matching pattern [C:/Users/Samson/OneDrive/comp3111/project/Line-chatbot-for-COMP3111-GP29/line-bot-model/build/classes/test/com/linecorp/bot/model/event/**/*.class]
04:18:57.242 [Test worker] DEBUG org.springframework.core.io.support.PathMatchingResourcePatternResolver - Searching directory [C:\Users\Samson\OneDrive\comp3111\project\Line-chatbot-for-COMP3111-GP29\line-bot-model\build\classes\test\com\linecorp\bot\model\event\beacon] for files matching pattern [C:/Users/Samson/OneDrive/comp3111/project/Line-chatbot-for-COMP3111-GP29/line-bot-model/build/classes/test/com/linecorp/bot/model/event/**/*.class]
04:18:57.244 [Test worker] DEBUG org.springframework.core.io.support.PathMatchingResourcePatternResolver - Looking for matching resources in directory tree [C:\Users\Samson\OneDrive\comp3111\project\Line-chatbot-for-COMP3111-GP29\line-bot-model\build\classes\main\com\linecorp\bot\model\event]
04:18:57.245 [Test worker] DEBUG org.springframework.core.io.support.PathMatchingResourcePatternResolver - Searching directory [C:\Users\Samson\OneDrive\comp3111\project\Line-chatbot-for-COMP3111-GP29\line-bot-model\build\classes\main\com\linecorp\bot\model\event] for files matching pattern [C:/Users/Samson/OneDrive/comp3111/project/Line-chatbot-for-COMP3111-GP29/line-bot-model/build/classes/main/com/linecorp/bot/model/event/**/*.class]
04:18:57.246 [Test worker] DEBUG org.springframework.core.io.support.PathMatchingResourcePatternResolver - Searching directory [C:\Users\Samson\OneDrive\comp3111\project\Line-chatbot-for-COMP3111-GP29\line-bot-model\build\classes\main\com\linecorp\bot\model\event\beacon] for files matching pattern [C:/Users/Samson/OneDrive/comp3111/project/Line-chatbot-for-COMP3111-GP29/line-bot-model/build/classes/main/com/linecorp/bot/model/event/**/*.class]
04:18:57.249 [Test worker] DEBUG org.springframework.core.io.support.PathMatchingResourcePatternResolver - Searching directory [C:\Users\Samson\OneDrive\comp3111\project\Line-chatbot-for-COMP3111-GP29\line-bot-model\build\classes\main\com\linecorp\bot\model\event\message] for files matching pattern [C:/Users/Samson/OneDrive/comp3111/project/Line-chatbot-for-COMP3111-GP29/line-bot-model/build/classes/main/com/linecorp/bot/model/event/**/*.class]
04:18:57.254 [Test worker] DEBUG org.springframework.core.io.support.PathMatchingResourcePatternResolver - Searching directory [C:\Users\Samson\OneDrive\comp3111\project\Line-chatbot-for-COMP3111-GP29\line-bot-model\build\classes\main\com\linecorp\bot\model\event\postback] for files matching pattern [C:/Users/Samson/OneDrive/comp3111/project/Line-chatbot-for-COMP3111-GP29/line-bot-model/build/classes/main/com/linecorp/bot/model/event/**/*.class]
04:18:57.256 [Test worker] DEBUG org.springframework.core.io.support.PathMatchingResourcePatternResolver - Searching directory [C:\Users\Samson\OneDrive\comp3111\project\Line-chatbot-for-COMP3111-GP29\line-bot-model\build\classes\main\com\linecorp\bot\model\event\source] for files matching pattern [C:/Users/Samson/OneDrive/comp3111/project/Line-chatbot-for-COMP3111-GP29/line-bot-model/build/classes/main/com/linecorp/bot/model/event/**/*.class]
04:18:57.260 [Test worker] DEBUG org.springframework.core.io.support.PathMatchingResourcePatternResolver - Resolved location pattern [classpath*:com/linecorp/bot/model/event/**/*.class] to resources [file [C:\Users\Samson\OneDrive\comp3111\project\Line-chatbot-for-COMP3111-GP29\line-bot-model\build\classes\test\com\linecorp\bot\model\event\beacon\BeaconContentTest.class], file [C:\Users\Samson\OneDrive\comp3111\project\Line-chatbot-for-COMP3111-GP29\line-bot-model\build\classes\test\com\linecorp\bot\model\event\beacon\BeaconContentUtilTest.class], file [C:\Users\Samson\OneDrive\comp3111\project\Line-chatbot-for-COMP3111-GP29\line-bot-model\build\classes\test\com\linecorp\bot\model\event\CallbackRequestTest$RequestTester.class], file [C:\Users\Samson\OneDrive\comp3111\project\Line-chatbot-for-COMP3111-GP29\line-bot-model\build\classes\test\com\linecorp\bot\model\event\CallbackRequestTest.class], file [C:\Users\Samson\OneDrive\comp3111\project\Line-chatbot-for-COMP3111-GP29\line-bot-model\build\classes\test\com\linecorp\bot\model\event\MessageEventTest.class], file [C:\Users\Samson\OneDrive\comp3111\project\Line-chatbot-for-COMP3111-GP29\line-bot-model\build\classes\test\com\linecorp\bot\model\event\ReplyEventTest.class], file [C:\Users\Samson\OneDrive\comp3111\project\Line-chatbot-for-COMP3111-GP29\line-bot-model\build\classes\main\com\linecorp\bot\model\event\beacon\BeaconContent.class], file [C:\Users\Samson\OneDrive\comp3111\project\Line-chatbot-for-COMP3111-GP29\line-bot-model\build\classes\main\com\linecorp\bot\model\event\beacon\BeaconContentUtil.class], file [C:\Users\Samson\OneDrive\comp3111\project\Line-chatbot-for-COMP3111-GP29\line-bot-model\build\classes\main\com\linecorp\bot\model\event\BeaconEvent.class], file [C:\Users\Samson\OneDrive\comp3111\project\Line-chatbot-for-COMP3111-GP29\line-bot-model\build\classes\main\com\linecorp\bot\model\event\CallbackRequest.class], file [C:\Users\Samson\OneDrive\comp3111\project\Line-chatbot-for-COMP3111-GP29\line-bot-model\build\classes\main\com\linecorp\bot\model\event\Event.class], file [C:\Users\Samson\OneDrive\comp3111\project\Line-chatbot-for-COMP3111-GP29\line-bot-model\build\classes\main\com\linecorp\bot\model\event\FollowEvent.class], file [C:\Users\Samson\OneDrive\comp3111\project\Line-chatbot-for-COMP3111-GP29\line-bot-model\build\classes\main\com\linecorp\bot\model\event\JoinEvent.class], file [C:\Users\Samson\OneDrive\comp3111\project\Line-chatbot-for-COMP3111-GP29\line-bot-model\build\classes\main\com\linecorp\bot\model\event\LeaveEvent.class], file [C:\Users\Samson\OneDrive\comp3111\project\Line-chatbot-for-COMP3111-GP29\line-bot-model\build\classes\main\com\linecorp\bot\model\event\message\AudioMessageContent.class], file [C:\Users\Samson\OneDrive\comp3111\project\Line-chatbot-for-COMP3111-GP29\line-bot-model\build\classes\main\com\linecorp\bot\model\event\message\FileMessageContent.class], file [C:\Users\Samson\OneDrive\comp3111\project\Line-chatbot-for-COMP3111-GP29\line-bot-model\build\classes\main\com\linecorp\bot\model\event\message\ImageMessageContent.class], file [C:\Users\Samson\OneDrive\comp3111\project\Line-chatbot-for-COMP3111-GP29\line-bot-model\build\classes\main\com\linecorp\bot\model\event\message\LocationMessageContent.class], file [C:\Users\Samson\OneDrive\comp3111\project\Line-chatbot-for-COMP3111-GP29\line-bot-model\build\classes\main\com\linecorp\bot\model\event\message\MessageContent.class], file [C:\Users\Samson\OneDrive\comp3111\project\Line-chatbot-for-COMP3111-GP29\line-bot-model\build\classes\main\com\linecorp\bot\model\event\message\StickerMessageContent.class], file [C:\Users\Samson\OneDrive\comp3111\project\Line-chatbot-for-COMP3111-GP29\line-bot-model\build\classes\main\com\linecorp\bot\model\event\message\TextMessageContent.class], file [C:\Users\Samson\OneDrive\comp3111\project\Line-chatbot-for-COMP3111-GP29\line-bot-model\build\classes\main\com\linecorp\bot\model\event\message\UnknownMessageContent.class], file [C:\Users\Samson\OneDrive\comp3111\project\Line-chatbot-for-COMP3111-GP29\line-bot-model\build\classes\main\com\linecorp\bot\model\event\message\VideoMessageContent.class], file [C:\Users\Samson\OneDrive\comp3111\project\Line-chatbot-for-COMP3111-GP29\line-bot-model\build\classes\main\com\linecorp\bot\model\event\MessageEvent.class], file [C:\Users\Samson\OneDrive\comp3111\project\Line-chatbot-for-COMP3111-GP29\line-bot-model\build\classes\main\com\linecorp\bot\model\event\postback\PostbackContent.class], file [C:\Users\Samson\OneDrive\comp3111\project\Line-chatbot-for-COMP3111-GP29\line-bot-model\build\classes\main\com\linecorp\bot\model\event\PostbackEvent.class], file [C:\Users\Samson\OneDrive\comp3111\project\Line-chatbot-for-COMP3111-GP29\line-bot-model\build\classes\main\com\linecorp\bot\model\event\ReplyEvent.class], file [C:\Users\Samson\OneDrive\comp3111\project\Line-chatbot-for-COMP3111-GP29\line-bot-model\build\classes\main\com\linecorp\bot\model\event\source\GroupSource.class], file [C:\Users\Samson\OneDrive\comp3111\project\Line-chatbot-for-COMP3111-GP29\line-bot-model\build\classes\main\com\linecorp\bot\model\event\source\RoomSource.class], file [C:\Users\Samson\OneDrive\comp3111\project\Line-chatbot-for-COMP3111-GP29\line-bot-model\build\classes\main\com\linecorp\bot\model\event\source\Source.class], file [C:\Users\Samson\OneDrive\comp3111\project\Line-chatbot-for-COMP3111-GP29\line-bot-model\build\classes\main\com\linecorp\bot\model\event\source\UnknownSource.class], file [C:\Users\Samson\OneDrive\comp3111\project\Line-chatbot-for-COMP3111-GP29\line-bot-model\build\classes\main\com\linecorp\bot\model\event\source\UserSource.class], file [C:\Users\Samson\OneDrive\comp3111\project\Line-chatbot-for-COMP3111-GP29\line-bot-model\build\classes\main\com\linecorp\bot\model\event\UnfollowEvent.class], file [C:\Users\Samson\OneDrive\comp3111\project\Line-chatbot-for-COMP3111-GP29\line-bot-model\build\classes\main\com\linecorp\bot\model\event\UnknownEvent.class]]
04:18:57.362 [Test worker] DEBUG org.springframework.context.annotation.ClassPathScanningCandidateComponentProvider - Identified candidate component class: file [C:\Users\Samson\OneDrive\comp3111\project\Line-chatbot-for-COMP3111-GP29\line-bot-model\build\classes\test\com\linecorp\bot\model\event\beacon\BeaconContentTest.class]
04:18:57.364 [Test worker] DEBUG org.springframework.context.annotation.ClassPathScanningCandidateComponentProvider - Identified candidate component class: file [C:\Users\Samson\OneDrive\comp3111\project\Line-chatbot-for-COMP3111-GP29\line-bot-model\build\classes\test\com\linecorp\bot\model\event\beacon\BeaconContentUtilTest.class]
04:18:57.365 [Test worker] DEBUG org.springframework.context.annotation.ClassPathScanningCandidateComponentProvider - Ignored because not a concrete top-level class: file [C:\Users\Samson\OneDrive\comp3111\project\Line-chatbot-for-COMP3111-GP29\line-bot-model\build\classes\test\com\linecorp\bot\model\event\CallbackRequestTest$RequestTester.class]
04:18:57.371 [Test worker] DEBUG org.springframework.context.annotation.ClassPathScanningCandidateComponentProvider - Identified candidate component class: file [C:\Users\Samson\OneDrive\comp3111\project\Line-chatbot-for-COMP3111-GP29\line-bot-model\build\classes\test\com\linecorp\bot\model\event\CallbackRequestTest.class]
04:18:57.373 [Test worker] DEBUG org.springframework.context.annotation.ClassPathScanningCandidateComponentProvider - Identified candidate component class: file [C:\Users\Samson\OneDrive\comp3111\project\Line-chatbot-for-COMP3111-GP29\line-bot-model\build\classes\test\com\linecorp\bot\model\event\MessageEventTest.class]
04:18:57.373 [Test worker] DEBUG org.springframework.context.annotation.ClassPathScanningCandidateComponentProvider - Identified candidate component class: file [C:\Users\Samson\OneDrive\comp3111\project\Line-chatbot-for-COMP3111-GP29\line-bot-model\build\classes\test\com\linecorp\bot\model\event\ReplyEventTest.class]
04:18:57.374 [Test worker] DEBUG org.springframework.context.annotation.ClassPathScanningCandidateComponentProvider - Identified candidate component class: file [C:\Users\Samson\OneDrive\comp3111\project\Line-chatbot-for-COMP3111-GP29\line-bot-model\build\classes\main\com\linecorp\bot\model\event\beacon\BeaconContent.class]
04:18:57.375 [Test worker] DEBUG org.springframework.context.annotation.ClassPathScanningCandidateComponentProvider - Identified candidate component class: file [C:\Users\Samson\OneDrive\comp3111\project\Line-chatbot-for-COMP3111-GP29\line-bot-model\build\classes\main\com\linecorp\bot\model\event\beacon\BeaconContentUtil.class]
04:18:57.377 [Test worker] DEBUG org.springframework.context.annotation.ClassPathScanningCandidateComponentProvider - Identified candidate component class: file [C:\Users\Samson\OneDrive\comp3111\project\Line-chatbot-for-COMP3111-GP29\line-bot-model\build\classes\main\com\linecorp\bot\model\event\BeaconEvent.class]
04:18:57.378 [Test worker] DEBUG org.springframework.context.annotation.ClassPathScanningCandidateComponentProvider - Identified candidate component class: file [C:\Users\Samson\OneDrive\comp3111\project\Line-chatbot-for-COMP3111-GP29\line-bot-model\build\classes\main\com\linecorp\bot\model\event\CallbackRequest.class]
04:18:57.380 [Test worker] DEBUG org.springframework.context.annotation.ClassPathScanningCandidateComponentProvider - Ignored because not a concrete top-level class: file [C:\Users\Samson\OneDrive\comp3111\project\Line-chatbot-for-COMP3111-GP29\line-bot-model\build\classes\main\com\linecorp\bot\model\event\Event.class]
04:18:57.381 [Test worker] DEBUG org.springframework.context.annotation.ClassPathScanningCandidateComponentProvider - Identified candidate component class: file [C:\Users\Samson\OneDrive\comp3111\project\Line-chatbot-for-COMP3111-GP29\line-bot-model\build\classes\main\com\linecorp\bot\model\event\FollowEvent.class]
04:18:57.383 [Test worker] DEBUG org.springframework.context.annotation.ClassPathScanningCandidateComponentProvider - Identified candidate component class: file [C:\Users\Samson\OneDrive\comp3111\project\Line-chatbot-for-COMP3111-GP29\line-bot-model\build\classes\main\com\linecorp\bot\model\event\JoinEvent.class]
04:18:57.384 [Test worker] DEBUG org.springframework.context.annotation.ClassPathScanningCandidateComponentProvider - Identified candidate component class: file [C:\Users\Samson\OneDrive\comp3111\project\Line-chatbot-for-COMP3111-GP29\line-bot-model\build\classes\main\com\linecorp\bot\model\event\LeaveEvent.class]
04:18:57.389 [Test worker] DEBUG org.springframework.context.annotation.ClassPathScanningCandidateComponentProvider - Identified candidate component class: file [C:\Users\Samson\OneDrive\comp3111\project\Line-chatbot-for-COMP3111-GP29\line-bot-model\build\classes\main\com\linecorp\bot\model\event\message\AudioMessageContent.class]
04:18:57.391 [Test worker] DEBUG org.springframework.context.annotation.ClassPathScanningCandidateComponentProvider - Identified candidate component class: file [C:\Users\Samson\OneDrive\comp3111\project\Line-chatbot-for-COMP3111-GP29\line-bot-model\build\classes\main\com\linecorp\bot\model\event\message\FileMessageContent.class]
04:18:57.392 [Test worker] DEBUG org.springframework.context.annotation.ClassPathScanningCandidateComponentProvider - Identified candidate component class: file [C:\Users\Samson\OneDrive\comp3111\project\Line-chatbot-for-COMP3111-GP29\line-bot-model\build\classes\main\com\linecorp\bot\model\event\message\ImageMessageContent.class]
04:18:57.394 [Test worker] DEBUG org.springframework.context.annotation.ClassPathScanningCandidateComponentProvider - Identified candidate component class: file [C:\Users\Samson\OneDrive\comp3111\project\Line-chatbot-for-COMP3111-GP29\line-bot-model\build\classes\main\com\linecorp\bot\model\event\message\LocationMessageContent.class]
04:18:57.395 [Test worker] DEBUG org.springframework.context.annotation.ClassPathScanningCandidateComponentProvider - Ignored because not a concrete top-level class: file [C:\Users\Samson\OneDrive\comp3111\project\Line-chatbot-for-COMP3111-GP29\line-bot-model\build\classes\main\com\linecorp\bot\model\event\message\MessageContent.class]
04:18:57.398 [Test worker] DEBUG org.springframework.context.annotation.ClassPathScanningCandidateComponentProvider - Identified candidate component class: file [C:\Users\Samson\OneDrive\comp3111\project\Line-chatbot-for-COMP3111-GP29\line-bot-model\build\classes\main\com\linecorp\bot\model\event\message\StickerMessageContent.class]
04:18:57.401 [Test worker] DEBUG org.springframework.context.annotation.ClassPathScanningCandidateComponentProvider - Identified candidate component class: file [C:\Users\Samson\OneDrive\comp3111\project\Line-chatbot-for-COMP3111-GP29\line-bot-model\build\classes\main\com\linecorp\bot\model\event\message\TextMessageContent.class]
04:18:57.403 [Test worker] DEBUG org.springframework.context.annotation.ClassPathScanningCandidateComponentProvider - Identified candidate component class: file [C:\Users\Samson\OneDrive\comp3111\project\Line-chatbot-for-COMP3111-GP29\line-bot-model\build\classes\main\com\linecorp\bot\model\event\message\UnknownMessageContent.class]
04:18:57.404 [Test worker] DEBUG org.springframework.context.annotation.ClassPathScanningCandidateComponentProvider - Identified candidate component class: file [C:\Users\Samson\OneDrive\comp3111\project\Line-chatbot-for-COMP3111-GP29\line-bot-model\build\classes\main\com\linecorp\bot\model\event\message\VideoMessageContent.class]
04:18:57.405 [Test worker] DEBUG org.springframework.context.annotation.ClassPathScanningCandidateComponentProvider - Identified candidate component class: file [C:\Users\Samson\OneDrive\comp3111\project\Line-chatbot-for-COMP3111-GP29\line-bot-model\build\classes\main\com\linecorp\bot\model\event\MessageEvent.class]
04:18:57.406 [Test worker] DEBUG org.springframework.context.annotation.ClassPathScanningCandidateComponentProvider - Identified candidate component class: file [C:\Users\Samson\OneDrive\comp3111\project\Line-chatbot-for-COMP3111-GP29\line-bot-model\build\classes\main\com\linecorp\bot\model\event\postback\PostbackContent.class]
04:18:57.407 [Test worker] DEBUG org.springframework.context.annotation.ClassPathScanningCandidateComponentProvider - Identified candidate component class: file [C:\Users\Samson\OneDrive\comp3111\project\Line-chatbot-for-COMP3111-GP29\line-bot-model\build\classes\main\com\linecorp\bot\model\event\PostbackEvent.class]
04:18:57.408 [Test worker] DEBUG org.springframework.context.annotation.ClassPathScanningCandidateComponentProvider - Ignored because not a concrete top-level class: file [C:\Users\Samson\OneDrive\comp3111\project\Line-chatbot-for-COMP3111-GP29\line-bot-model\build\classes\main\com\linecorp\bot\model\event\ReplyEvent.class]
04:18:57.409 [Test worker] DEBUG org.springframework.context.annotation.ClassPathScanningCandidateComponentProvider - Identified candidate component class: file [C:\Users\Samson\OneDrive\comp3111\project\Line-chatbot-for-COMP3111-GP29\line-bot-model\build\classes\main\com\linecorp\bot\model\event\source\GroupSource.class]
04:18:57.411 [Test worker] DEBUG org.springframework.context.annotation.ClassPathScanningCandidateComponentProvider - Identified candidate component class: file [C:\Users\Samson\OneDrive\comp3111\project\Line-chatbot-for-COMP3111-GP29\line-bot-model\build\classes\main\com\linecorp\bot\model\event\source\RoomSource.class]
04:18:57.412 [Test worker] DEBUG org.springframework.context.annotation.ClassPathScanningCandidateComponentProvider - Ignored because not a concrete top-level class: file [C:\Users\Samson\OneDrive\comp3111\project\Line-chatbot-for-COMP3111-GP29\line-bot-model\build\classes\main\com\linecorp\bot\model\event\source\Source.class]
04:18:57.414 [Test worker] DEBUG org.springframework.context.annotation.ClassPathScanningCandidateComponentProvider - Identified candidate component class: file [C:\Users\Samson\OneDrive\comp3111\project\Line-chatbot-for-COMP3111-GP29\line-bot-model\build\classes\main\com\linecorp\bot\model\event\source\UnknownSource.class]
04:18:57.415 [Test worker] DEBUG org.springframework.context.annotation.ClassPathScanningCandidateComponentProvider - Identified candidate component class: file [C:\Users\Samson\OneDrive\comp3111\project\Line-chatbot-for-COMP3111-GP29\line-bot-model\build\classes\main\com\linecorp\bot\model\event\source\UserSource.class]
04:18:57.419 [Test worker] DEBUG org.springframework.context.annotation.ClassPathScanningCandidateComponentProvider - Identified candidate component class: file [C:\Users\Samson\OneDrive\comp3111\project\Line-chatbot-for-COMP3111-GP29\line-bot-model\build\classes\main\com\linecorp\bot\model\event\UnfollowEvent.class]
04:18:57.422 [Test worker] DEBUG org.springframework.context.annotation.ClassPathScanningCandidateComponentProvider - Identified candidate component class: file [C:\Users\Samson\OneDrive\comp3111\project\Line-chatbot-for-COMP3111-GP29\line-bot-model\build\classes\main\com\linecorp\bot\model\event\UnknownEvent.class]
04:18:57.561 [Test worker] INFO com.linecorp.bot.model.event.ReplyEventTest - eventClasses = [class com.linecorp.bot.model.event.BeaconEvent, class com.linecorp.bot.model.event.FollowEvent, class com.linecorp.bot.model.event.JoinEvent, class com.linecorp.bot.model.event.LeaveEvent, class com.linecorp.bot.model.event.MessageEvent, class com.linecorp.bot.model.event.PostbackEvent, class com.linecorp.bot.model.event.UnfollowEvent, class com.linecorp.bot.model.event.UnknownEvent]
]]></system-out>
  <system-err><![CDATA[]]></system-err>
</testsuite>
