<?xml version="1.0" encoding="UTF-8"?>
<testsuite name="com.linecorp.bot.model.event.beacon.BeaconContentTest" tests="2" skipped="0" failures="0" errors="0" timestamp="2017-11-02T20:18:56" hostname="Samson-PC" time="0.039">
  <properties/>
  <testcase name="beaconContentEqualityTest" classname="com.linecorp.bot.model.event.beacon.BeaconContentTest" time="0.035"/>
  <testcase name="beaconContentArrayProtectedTest" classname="com.linecorp.bot.model.event.beacon.BeaconContentTest" time="0.003"/>
  <system-out><![CDATA[]]></system-out>
  <system-err><![CDATA[]]></system-err>
</testsuite>
