<?xml version="1.0" encoding="UTF-8"?>
<testsuite name="com.linecorp.bot.servlet.LineBotCallbackRequestParserTest" tests="8" skipped="0" failures="0" errors="0" timestamp="2017-11-14T12:22:58" hostname="Samson-PC" time="1.141">
  <properties/>
  <testcase name="testInvalidSignature2" classname="com.linecorp.bot.servlet.LineBotCallbackRequestParserTest" time="0.828"/>
  <testcase name="testInvalidSignature" classname="com.linecorp.bot.servlet.LineBotCallbackRequestParserTest" time="0.078"/>
  <testcase name="testCallRequest" classname="com.linecorp.bot.servlet.LineBotCallbackRequestParserTest" time="0.188"/>
  <testcase name="testMissingHeader" classname="com.linecorp.bot.servlet.LineBotCallbackRequestParserTest" time="0.0"/>
  <testcase name="testNullRequest2" classname="com.linecorp.bot.servlet.LineBotCallbackRequestParserTest" time="0.015"/>
  <testcase name="testCallRequest2" classname="com.linecorp.bot.servlet.LineBotCallbackRequestParserTest" time="0.016"/>
  <testcase name="testMissingHeader2" classname="com.linecorp.bot.servlet.LineBotCallbackRequestParserTest" time="0.0"/>
  <testcase name="testNullRequest" classname="com.linecorp.bot.servlet.LineBotCallbackRequestParserTest" time="0.0"/>
  <system-out><![CDATA[20:22:58.822 [Test worker] DEBUG com.linecorp.bot.servlet.LineBotCallbackRequestParser - got: {}
20:22:59.275 [Test worker] DEBUG com.linecorp.bot.servlet.LineBotCallbackRequestParser - got: {}
20:22:59.291 [Test worker] DEBUG com.linecorp.bot.servlet.LineBotCallbackRequestParser - got: {
  "events": [
    {
      "replyToken": "nHuyWiB7yP5Zw52FIkcQobQuGDXCTA",
      "type": "message",
      "timestamp": 1462629479859,
      "source": {
        "type": "user",
        "userId": "u206d25c2ea6bd87c17655609a1c37cb8"
      },
      "message": {
        "id": "325708",
        "type": "text",
        "text": "Hello, world"
      }
    },
    {
      "replyToken": "nHuyWiB7yP5Zw52FIkcQobQuGDXCTA",
      "type": "follow",
      "timestamp": 1462629479859,
      "source": {
        "type": "user",
        "userId": "u206d25c2ea6bd87c17655609a1c37cb8"
      }
    }
  ]
}

20:22:59.479 [Test worker] DEBUG com.linecorp.bot.servlet.LineBotCallbackRequestParser - got: null
20:22:59.494 [Test worker] DEBUG com.linecorp.bot.servlet.LineBotCallbackRequestParser - got: {
  "events": [
    {
      "replyToken": "nHuyWiB7yP5Zw52FIkcQobQuGDXCTA",
      "type": "message",
      "timestamp": 1462629479859,
      "source": {
        "type": "user",
        "userId": "u206d25c2ea6bd87c17655609a1c37cb8"
      },
      "message": {
        "id": "325708",
        "type": "text",
        "text": "Hello, world"
      }
    },
    {
      "replyToken": "nHuyWiB7yP5Zw52FIkcQobQuGDXCTA",
      "type": "follow",
      "timestamp": 1462629479859,
      "source": {
        "type": "user",
        "userId": "u206d25c2ea6bd87c17655609a1c37cb8"
      }
    }
  ]
}

20:22:59.510 [Test worker] DEBUG com.linecorp.bot.servlet.LineBotCallbackRequestParser - got: null
]]></system-out>
  <system-err><![CDATA[]]></system-err>
</testsuite>
