<?xml version="1.0" encoding="UTF-8"?>
<testsuite name="com.example.bot.spring.KitchenSinkTester" tests="6" skipped="0" failures="0" errors="0" timestamp="2017-11-02T20:19:49" hostname="Samson-PC" time="11.464">
  <properties/>
  <testcase name="testNotFound" classname="com.example.bot.spring.KitchenSinkTester" time="3.202"/>
  <testcase name="testFound" classname="com.example.bot.spring.KitchenSinkTester" time="1.488"/>
  <testcase name="tourTest" classname="com.example.bot.spring.KitchenSinkTester" time="1.76"/>
  <testcase name="tourTestByDate" classname="com.example.bot.spring.KitchenSinkTester" time="1.911"/>
  <testcase name="anothertestFound2" classname="com.example.bot.spring.KitchenSinkTester" time="1.545"/>
  <testcase name="anothertestFound" classname="com.example.bot.spring.KitchenSinkTester" time="1.546"/>
  <system-out><![CDATA[04:19:48.332 [Test worker] DEBUG org.springframework.test.context.junit4.SpringJUnit4ClassRunner - SpringJUnit4ClassRunner constructor called with [class com.example.bot.spring.KitchenSinkTester]
04:19:48.341 [Test worker] DEBUG org.springframework.test.context.BootstrapUtils - Instantiating CacheAwareContextLoaderDelegate from class [org.springframework.test.context.cache.DefaultCacheAwareContextLoaderDelegate]
04:19:48.356 [Test worker] DEBUG org.springframework.test.context.BootstrapUtils - Instantiating BootstrapContext using constructor [public org.springframework.test.context.support.DefaultBootstrapContext(java.lang.Class,org.springframework.test.context.CacheAwareContextLoaderDelegate)]
04:19:48.383 [Test worker] DEBUG org.springframework.test.context.BootstrapUtils - Instantiating TestContextBootstrapper for test class [com.example.bot.spring.KitchenSinkTester] from class [org.springframework.boot.test.context.SpringBootTestContextBootstrapper]
04:19:48.398 [Test worker] INFO org.springframework.boot.test.context.SpringBootTestContextBootstrapper - Neither @ContextConfiguration nor @ContextHierarchy found for test class [com.example.bot.spring.KitchenSinkTester], using SpringBootContextLoader
04:19:48.402 [Test worker] DEBUG org.springframework.test.context.support.AbstractContextLoader - Did not detect default resource location for test class [com.example.bot.spring.KitchenSinkTester]: class path resource [com/example/bot/spring/KitchenSinkTester-context.xml] does not exist
04:19:48.403 [Test worker] DEBUG org.springframework.test.context.support.AbstractContextLoader - Did not detect default resource location for test class [com.example.bot.spring.KitchenSinkTester]: class path resource [com/example/bot/spring/KitchenSinkTesterContext.groovy] does not exist
04:19:48.403 [Test worker] INFO org.springframework.test.context.support.AbstractContextLoader - Could not detect default resource locations for test class [com.example.bot.spring.KitchenSinkTester]: no resource found for suffixes {-context.xml, Context.groovy}.
04:19:48.448 [Test worker] DEBUG org.springframework.test.context.support.ActiveProfilesUtils - Could not find an 'annotation declaring class' for annotation type [org.springframework.test.context.ActiveProfiles] and class [com.example.bot.spring.KitchenSinkTester]
04:19:48.459 [Test worker] DEBUG org.springframework.boot.test.context.SpringBootTestContextBootstrapper - @TestExecutionListeners is not present for class [com.example.bot.spring.KitchenSinkTester]: using defaults.
04:19:48.467 [Test worker] INFO org.springframework.boot.test.context.SpringBootTestContextBootstrapper - Loaded default TestExecutionListener class names from location [META-INF/spring.factories]: [org.springframework.boot.test.mock.mockito.MockitoTestExecutionListener, org.springframework.boot.test.mock.mockito.ResetMocksTestExecutionListener, org.springframework.boot.test.autoconfigure.restdocs.RestDocsTestExecutionListener, org.springframework.boot.test.autoconfigure.web.client.MockRestServiceServerResetTestExecutionListener, org.springframework.boot.test.autoconfigure.web.servlet.MockMvcPrintOnlyOnFailureTestExecutionListener, org.springframework.boot.test.autoconfigure.web.servlet.WebDriverTestExecutionListener, org.springframework.test.context.web.ServletTestExecutionListener, org.springframework.test.context.support.DirtiesContextBeforeModesTestExecutionListener, org.springframework.test.context.support.DependencyInjectionTestExecutionListener, org.springframework.test.context.support.DirtiesContextTestExecutionListener, org.springframework.test.context.transaction.TransactionalTestExecutionListener, org.springframework.test.context.jdbc.SqlScriptsTestExecutionListener]
04:19:48.481 [Test worker] INFO org.springframework.boot.test.context.SpringBootTestContextBootstrapper - Could not instantiate TestExecutionListener [org.springframework.test.context.jdbc.SqlScriptsTestExecutionListener]. Specify custom listener classes or make the default listener classes (and their required dependencies) available. Offending class: [org/springframework/transaction/interceptor/TransactionAttribute]
04:19:48.486 [Test worker] INFO org.springframework.boot.test.context.SpringBootTestContextBootstrapper - Could not instantiate TestExecutionListener [org.springframework.test.context.transaction.TransactionalTestExecutionListener]. Specify custom listener classes or make the default listener classes (and their required dependencies) available. Offending class: [org/springframework/transaction/interceptor/TransactionAttributeSource]
04:19:48.486 [Test worker] INFO org.springframework.boot.test.context.SpringBootTestContextBootstrapper - Using TestExecutionListeners: [org.springframework.test.context.web.ServletTestExecutionListener@2cbf168e, org.springframework.test.context.support.DirtiesContextBeforeModesTestExecutionListener@2b092471, org.springframework.boot.test.autoconfigure.SpringBootDependencyInjectionTestExecutionListener@4df2c1c3, org.springframework.test.context.support.DirtiesContextTestExecutionListener@66f2298d, org.springframework.boot.test.autoconfigure.web.servlet.WebDriverTestExecutionListener@322d58bb, org.springframework.boot.test.autoconfigure.web.client.MockRestServiceServerResetTestExecutionListener@50e5d823, org.springframework.boot.test.autoconfigure.web.servlet.MockMvcPrintOnlyOnFailureTestExecutionListener@bc2e725, org.springframework.boot.test.mock.mockito.MockitoTestExecutionListener@7c0b1991, org.springframework.boot.test.autoconfigure.restdocs.RestDocsTestExecutionListener@24bb7e2b, org.springframework.boot.test.mock.mockito.ResetMocksTestExecutionListener@5a619e5f]
04:19:48.490 [Test worker] DEBUG org.springframework.test.annotation.ProfileValueUtils - Retrieved @ProfileValueSourceConfiguration [null] for test class [com.example.bot.spring.KitchenSinkTester]
04:19:48.490 [Test worker] DEBUG org.springframework.test.annotation.ProfileValueUtils - Retrieved ProfileValueSource type [class org.springframework.test.annotation.SystemProfileValueSource] for class [com.example.bot.spring.KitchenSinkTester]
04:19:48.491 [Test worker] DEBUG org.springframework.test.annotation.ProfileValueUtils - Retrieved @ProfileValueSourceConfiguration [null] for test class [com.example.bot.spring.KitchenSinkTester]
04:19:48.491 [Test worker] DEBUG org.springframework.test.annotation.ProfileValueUtils - Retrieved ProfileValueSource type [class org.springframework.test.annotation.SystemProfileValueSource] for class [com.example.bot.spring.KitchenSinkTester]
04:19:48.498 [Test worker] DEBUG org.springframework.test.context.support.AbstractDirtiesContextTestExecutionListener - Before test class: context [DefaultTestContext@2b4efcd testClass = KitchenSinkTester, testInstance = [null], testMethod = [null], testException = [null], mergedContextConfiguration = [WebMergedContextConfiguration@593c34f0 testClass = KitchenSinkTester, locations = '{}', classes = '{class com.example.bot.spring.KitchenSinkTester, class com.example.bot.spring.SQLDatabaseEngine, class com.example.bot.spring.KitchenSinkTester, class com.example.bot.spring.SQLDatabaseEngine}', contextInitializerClasses = '[]', activeProfiles = '{}', propertySourceLocations = '{}', propertySourceProperties = '{org.springframework.boot.test.context.SpringBootTestContextBootstrapper=true}', contextCustomizers = set[org.springframework.boot.test.context.SpringBootTestContextCustomizer@15867e5a, org.springframework.boot.test.context.filter.ExcludeFilterContextCustomizer@4e1455fe, org.springframework.boot.test.mock.mockito.MockitoContextCustomizer@0, org.springframework.boot.test.autoconfigure.properties.PropertyMappingContextCustomizer@0, org.springframework.boot.test.autoconfigure.web.servlet.WebDriverContextCustomizerFactory$Customizer@1bc778a0], resourceBasePath = 'src/main/webapp', contextLoader = 'org.springframework.boot.test.context.SpringBootContextLoader', parent = [null]]], class annotated with @DirtiesContext [false] with mode [null].
04:19:48.499 [Test worker] DEBUG org.springframework.test.annotation.ProfileValueUtils - Retrieved @ProfileValueSourceConfiguration [null] for test class [com.example.bot.spring.KitchenSinkTester]
04:19:48.499 [Test worker] DEBUG org.springframework.test.annotation.ProfileValueUtils - Retrieved ProfileValueSource type [class org.springframework.test.annotation.SystemProfileValueSource] for class [com.example.bot.spring.KitchenSinkTester]
04:19:48.594 [Test worker] DEBUG org.springframework.core.env.StandardEnvironment - Adding [systemProperties] PropertySource with lowest search precedence
04:19:48.595 [Test worker] DEBUG org.springframework.core.env.StandardEnvironment - Adding [systemEnvironment] PropertySource with lowest search precedence
04:19:48.595 [Test worker] DEBUG org.springframework.core.env.StandardEnvironment - Initialized StandardEnvironment with PropertySources [systemProperties,systemEnvironment]
04:19:48.598 [Test worker] DEBUG org.springframework.test.context.support.TestPropertySourceUtils - Adding inlined properties to environment: {spring.jmx.enabled=false, org.springframework.boot.test.context.SpringBootTestContextBootstrapper=true, server.port=-1}
04:19:48.598 [Test worker] DEBUG org.springframework.core.env.StandardEnvironment - Adding [Inlined Test Properties] PropertySource with highest search precedence

  .   ____          _            __ _ _
 /\\ / ___'_ __ _ _(_)_ __  __ _ \ \ \ \
( ( )\___ | '_ | '_| | '_ \/ _` | \ \ \ \
 \\/  ___)| |_)| | | | | || (_| |  ) ) ) )
  '  |____| .__|_| |_|_| |_\__, | / / / /
 =========|_|==============|___/=/_/_/_/
 :: Spring Boot ::        (v1.4.2.RELEASE)

2017-11-03 04:19:49.139  INFO 8388 --- [    Test worker] c.example.bot.spring.KitchenSinkTester   : Starting KitchenSinkTester on Samson-PC with PID 8388 (started by Samson in C:\Users\Samson\OneDrive\comp3111\project\Line-chatbot-for-COMP3111-GP29\sample-spring-boot-kitchensink)
2017-11-03 04:19:49.141  INFO 8388 --- [    Test worker] c.example.bot.spring.KitchenSinkTester   : No active profile set, falling back to default profiles: default
2017-11-03 04:19:49.197  INFO 8388 --- [    Test worker] o.s.w.c.s.GenericWebApplicationContext   : Refreshing org.springframework.web.context.support.GenericWebApplicationContext@7cd69742: startup date [Fri Nov 03 04:19:49 CST 2017]; root of context hierarchy
2017-11-03 04:19:49.543  INFO 8388 --- [    Test worker] c.example.bot.spring.KitchenSinkTester   : Started KitchenSinkTester in 0.931 seconds (JVM running for 2.104)
2017-11-03 04:19:49.587  INFO 8388 --- [    Test worker] c.example.bot.spring.SQLDatabaseEngine   : Username: kntfvvdzhkanyz Password: 69f7ad5e8e5021c8f38d2419efbb6504dbdad4aa93f423a971ddad9245724e37
2017-11-03 04:19:49.589  INFO 8388 --- [    Test worker] c.example.bot.spring.SQLDatabaseEngine   : dbUrl: jdbc:postgresql://ec2-23-21-235-142.compute-1.amazonaws.com:5432/dft5f6k5thrk4u?ssl=true&sslfactory=org.postgresql.ssl.NonValidatingFactory
2017-11-03 04:19:52.778  INFO 8388 --- [    Test worker] c.example.bot.spring.SQLDatabaseEngine   : Username: kntfvvdzhkanyz Password: 69f7ad5e8e5021c8f38d2419efbb6504dbdad4aa93f423a971ddad9245724e37
2017-11-03 04:19:52.779  INFO 8388 --- [    Test worker] c.example.bot.spring.SQLDatabaseEngine   : dbUrl: jdbc:postgresql://ec2-23-21-235-142.compute-1.amazonaws.com:5432/dft5f6k5thrk4u?ssl=true&sslfactory=org.postgresql.ssl.NonValidatingFactory
2017-11-03 04:19:54.268  INFO 8388 --- [    Test worker] c.example.bot.spring.SQLDatabaseEngine   : Username: kntfvvdzhkanyz Password: 69f7ad5e8e5021c8f38d2419efbb6504dbdad4aa93f423a971ddad9245724e37
2017-11-03 04:19:54.269  INFO 8388 --- [    Test worker] c.example.bot.spring.SQLDatabaseEngine   : dbUrl: jdbc:postgresql://ec2-23-21-235-142.compute-1.amazonaws.com:5432/dft5f6k5thrk4u?ssl=true&sslfactory=org.postgresql.ssl.NonValidatingFactory
2D002 Yangshan Hot Spring Tour
Attractions:
Unlimited use of hot spring * Famous Yangshan roaster cusine
We have confirmed tour on Mon/Wed/Fri
Fee: Weekday 299 / Weekend 399
Do you want to book this one?
2017-11-03 04:19:56.031  INFO 8388 --- [    Test worker] c.example.bot.spring.SQLDatabaseEngine   : Username: kntfvvdzhkanyz Password: 69f7ad5e8e5021c8f38d2419efbb6504dbdad4aa93f423a971ddad9245724e37
2017-11-03 04:19:56.032  INFO 8388 --- [    Test worker] c.example.bot.spring.SQLDatabaseEngine   : dbUrl: jdbc:postgresql://ec2-23-21-235-142.compute-1.amazonaws.com:5432/dft5f6k5thrk4u?ssl=true&sslfactory=org.postgresql.ssl.NonValidatingFactory
null
2017-11-03 04:19:57.946  INFO 8388 --- [    Test worker] c.example.bot.spring.SQLDatabaseEngine   : Username: kntfvvdzhkanyz Password: 69f7ad5e8e5021c8f38d2419efbb6504dbdad4aa93f423a971ddad9245724e37
2017-11-03 04:19:57.946  INFO 8388 --- [    Test worker] c.example.bot.spring.SQLDatabaseEngine   : dbUrl: jdbc:postgresql://ec2-23-21-235-142.compute-1.amazonaws.com:5432/dft5f6k5thrk4u?ssl=true&sslfactory=org.postgresql.ssl.NonValidatingFactory
2017-11-03 04:19:59.494  INFO 8388 --- [    Test worker] c.example.bot.spring.SQLDatabaseEngine   : Username: kntfvvdzhkanyz Password: 69f7ad5e8e5021c8f38d2419efbb6504dbdad4aa93f423a971ddad9245724e37
2017-11-03 04:19:59.495  INFO 8388 --- [    Test worker] c.example.bot.spring.SQLDatabaseEngine   : dbUrl: jdbc:postgresql://ec2-23-21-235-142.compute-1.amazonaws.com:5432/dft5f6k5thrk4u?ssl=true&sslfactory=org.postgresql.ssl.NonValidatingFactory
]]></system-out>
  <system-err><![CDATA[]]></system-err>
</testsuite>
