<?xml version="1.0" encoding="UTF-8"?>
<testsuite name="com.linecorp.bot.client.LineMessagingServiceTest" tests="1" skipped="0" failures="0" errors="0" timestamp="2017-11-03T15:25:01" hostname="Samson-PC" time="0.012">
  <properties/>
  <testcase name="relativeRequestTest" classname="com.linecorp.bot.client.LineMessagingServiceTest" time="0.012"/>
  <system-out><![CDATA[23:25:01.222 [MockWebServer 57955] INFO okhttp3.mockwebserver.MockWebServer - MockWebServer[57955] starting to accept connections
23:25:01.226 [Test worker] INFO com.linecorp.bot.client.wire - --> GET http://localhost:57955/CanContainsRelative/v2/bot/profile/USER_TOKEN http/1.1
23:25:01.227 [Test worker] INFO com.linecorp.bot.client.wire - Authorization: Bearer SECRET
23:25:01.227 [Test worker] INFO com.linecorp.bot.client.wire - User-Agent: line-botsdk-java/null
23:25:01.227 [Test worker] INFO com.linecorp.bot.client.wire - --> END GET
23:25:01.228 [Test worker] INFO com.linecorp.bot.client.wire - <-- 200 OK http://localhost:57955/CanContainsRelative/v2/bot/profile/USER_TOKEN (1ms)
23:25:01.228 [MockWebServer /127.0.0.1:57956] INFO okhttp3.mockwebserver.MockWebServer - MockWebServer[57955] received request: GET /CanContainsRelative/v2/bot/profile/USER_TOKEN HTTP/1.1 and responded: HTTP/1.1 200 OK
23:25:01.228 [Test worker] INFO com.linecorp.bot.client.wire - Content-Length: 116
23:25:01.229 [Test worker] INFO com.linecorp.bot.client.wire - 
23:25:01.229 [Test worker] INFO com.linecorp.bot.client.wire - {"displayName":"name","userId":"userId","pictureUrl":"https://line.me/picture_url","statusMessage":"Status message"}
23:25:01.229 [Test worker] INFO com.linecorp.bot.client.wire - <-- END HTTP (116-byte body)
23:25:01.232 [MockWebServer 57955] INFO okhttp3.mockwebserver.MockWebServer - MockWebServer[57955] done accepting connections: socket closed
]]></system-out>
  <system-err><![CDATA[]]></system-err>
</testsuite>
