<?xml version="1.0" encoding="UTF-8"?>
<testsuite name="com.linecorp.bot.client.ResponseBodyCallbackAdaptorTest" tests="3" skipped="0" failures="0" errors="0" timestamp="2017-11-03T15:25:01" hostname="Samson-PC" time="0.019">
  <properties/>
  <testcase name="onFailureTest" classname="com.linecorp.bot.client.ResponseBodyCallbackAdaptorTest" time="0.009"/>
  <testcase name="onResponseSuccessTest" classname="com.linecorp.bot.client.ResponseBodyCallbackAdaptorTest" time="0.008"/>
  <testcase name="onResponseFailTest" classname="com.linecorp.bot.client.ResponseBodyCallbackAdaptorTest" time="0.002"/>
  <system-out><![CDATA[]]></system-out>
  <system-err><![CDATA[]]></system-err>
</testsuite>
