<?xml version="1.0" encoding="UTF-8"?>
<testsuite name="com.linecorp.bot.client.LineMessagingClientImplWiremockTest" tests="5" skipped="0" failures="0" errors="0" timestamp="2017-11-02T20:18:49" hostname="Samson-PC" time="0.144">
  <properties/>
  <testcase name="status500InternalServerErrorTest" classname="com.linecorp.bot.client.LineMessagingClientImplWiremockTest" time="0.086"/>
  <testcase name="status403ForbiddenTest" classname="com.linecorp.bot.client.LineMessagingClientImplWiremockTest" time="0.026"/>
  <testcase name="status401UnauthorizedTest" classname="com.linecorp.bot.client.LineMessagingClientImplWiremockTest" time="0.01"/>
  <testcase name="status400BadRequestTest" classname="com.linecorp.bot.client.LineMessagingClientImplWiremockTest" time="0.008"/>
  <testcase name="status429TooManyRequestsTest" classname="com.linecorp.bot.client.LineMessagingClientImplWiremockTest" time="0.011"/>
  <system-out><![CDATA[04:18:49.727 [OkHttp http://localhost:50573/...] INFO com.linecorp.bot.client.wire - --> GET http://localhost:50573/v2/bot/message/TOKEN/content http/1.1
04:18:49.727 [OkHttp http://localhost:50573/...] INFO com.linecorp.bot.client.wire - Authorization: Bearer token
04:18:49.727 [OkHttp http://localhost:50573/...] INFO com.linecorp.bot.client.wire - User-Agent: line-botsdk-java/null
04:18:49.727 [OkHttp http://localhost:50573/...] INFO com.linecorp.bot.client.wire - --> END GET
04:18:49.745 [OkHttp http://localhost:50573/...] INFO com.linecorp.bot.client.wire - <-- 500 Server Error http://localhost:50573/v2/bot/message/TOKEN/content (17ms)
04:18:49.745 [OkHttp http://localhost:50573/...] INFO com.linecorp.bot.client.wire - Content-Length: 55
04:18:49.745 [OkHttp http://localhost:50573/...] INFO com.linecorp.bot.client.wire - 
04:18:49.745 [OkHttp http://localhost:50573/...] INFO com.linecorp.bot.client.wire - {"message":"Error on the internal server","details":[]}
04:18:49.745 [OkHttp http://localhost:50573/...] INFO com.linecorp.bot.client.wire - <-- END HTTP (55-byte body)
04:18:49.790 [OkHttp http://localhost:50575/...] INFO com.linecorp.bot.client.wire - --> GET http://localhost:50575/v2/bot/message/TOKEN/content http/1.1
04:18:49.791 [OkHttp http://localhost:50575/...] INFO com.linecorp.bot.client.wire - Authorization: Bearer token
04:18:49.791 [OkHttp http://localhost:50575/...] INFO com.linecorp.bot.client.wire - User-Agent: line-botsdk-java/null
04:18:49.791 [OkHttp http://localhost:50575/...] INFO com.linecorp.bot.client.wire - --> END GET
04:18:49.794 [OkHttp http://localhost:50575/...] INFO com.linecorp.bot.client.wire - <-- 403 Client Error http://localhost:50575/v2/bot/message/TOKEN/content (2ms)
04:18:49.794 [OkHttp http://localhost:50575/...] INFO com.linecorp.bot.client.wire - Content-Length: 57
04:18:49.794 [OkHttp http://localhost:50575/...] INFO com.linecorp.bot.client.wire - 
04:18:49.794 [OkHttp http://localhost:50575/...] INFO com.linecorp.bot.client.wire - {"message":"Not authorized to use the API.","details":[]}
04:18:49.794 [OkHttp http://localhost:50575/...] INFO com.linecorp.bot.client.wire - <-- END HTTP (57-byte body)
04:18:49.800 [OkHttp http://localhost:50577/...] INFO com.linecorp.bot.client.wire - --> GET http://localhost:50577/v2/bot/message/TOKEN/content http/1.1
04:18:49.800 [OkHttp http://localhost:50577/...] INFO com.linecorp.bot.client.wire - Authorization: Bearer token
04:18:49.800 [OkHttp http://localhost:50577/...] INFO com.linecorp.bot.client.wire - User-Agent: line-botsdk-java/null
04:18:49.801 [OkHttp http://localhost:50577/...] INFO com.linecorp.bot.client.wire - --> END GET
04:18:49.804 [OkHttp http://localhost:50577/...] INFO com.linecorp.bot.client.wire - <-- 401 Client Error http://localhost:50577/v2/bot/message/TOKEN/content (1ms)
04:18:49.805 [OkHttp http://localhost:50577/...] INFO com.linecorp.bot.client.wire - Content-Length: 70
04:18:49.805 [OkHttp http://localhost:50577/...] INFO com.linecorp.bot.client.wire - 
04:18:49.805 [OkHttp http://localhost:50577/...] INFO com.linecorp.bot.client.wire - {"message":"Valid Channel access token is not specified","details":[]}
04:18:49.805 [OkHttp http://localhost:50577/...] INFO com.linecorp.bot.client.wire - <-- END HTTP (70-byte body)
04:18:49.810 [OkHttp http://localhost:50579/...] INFO com.linecorp.bot.client.wire - --> GET http://localhost:50579/v2/bot/message/TOKEN/content http/1.1
04:18:49.810 [OkHttp http://localhost:50579/...] INFO com.linecorp.bot.client.wire - Authorization: Bearer token
04:18:49.810 [OkHttp http://localhost:50579/...] INFO com.linecorp.bot.client.wire - User-Agent: line-botsdk-java/null
04:18:49.810 [OkHttp http://localhost:50579/...] INFO com.linecorp.bot.client.wire - --> END GET
04:18:49.812 [OkHttp http://localhost:50579/...] INFO com.linecorp.bot.client.wire - <-- 400 Client Error http://localhost:50579/v2/bot/message/TOKEN/content (1ms)
04:18:49.812 [OkHttp http://localhost:50579/...] INFO com.linecorp.bot.client.wire - Content-Length: 51
04:18:49.813 [OkHttp http://localhost:50579/...] INFO com.linecorp.bot.client.wire - 
04:18:49.813 [OkHttp http://localhost:50579/...] INFO com.linecorp.bot.client.wire - {"message":"Problem with the request","details":[]}
04:18:49.813 [OkHttp http://localhost:50579/...] INFO com.linecorp.bot.client.wire - <-- END HTTP (51-byte body)
04:18:49.821 [OkHttp http://localhost:50581/...] INFO com.linecorp.bot.client.wire - --> GET http://localhost:50581/v2/bot/message/TOKEN/content http/1.1
04:18:49.821 [OkHttp http://localhost:50581/...] INFO com.linecorp.bot.client.wire - Authorization: Bearer token
04:18:49.821 [OkHttp http://localhost:50581/...] INFO com.linecorp.bot.client.wire - User-Agent: line-botsdk-java/null
04:18:49.822 [OkHttp http://localhost:50581/...] INFO com.linecorp.bot.client.wire - --> END GET
04:18:49.825 [OkHttp http://localhost:50581/...] INFO com.linecorp.bot.client.wire - <-- 429 Client Error http://localhost:50581/v2/bot/message/TOKEN/content (2ms)
04:18:49.825 [OkHttp http://localhost:50581/...] INFO com.linecorp.bot.client.wire - Content-Length: 64
04:18:49.825 [OkHttp http://localhost:50581/...] INFO com.linecorp.bot.client.wire - 
04:18:49.825 [OkHttp http://localhost:50581/...] INFO com.linecorp.bot.client.wire - {"message":"Exceeded the rate limit for API calls","details":[]}
04:18:49.825 [OkHttp http://localhost:50581/...] INFO com.linecorp.bot.client.wire - <-- END HTTP (64-byte body)
]]></system-out>
  <system-err><![CDATA[]]></system-err>
</testsuite>
