<?xml version="1.0" encoding="UTF-8"?>
<testsuite name="com.linecorp.bot.client.LineMessagingServiceTest" tests="1" skipped="0" failures="0" errors="0" timestamp="2017-11-14T12:22:35" hostname="Samson-PC" time="0.016">
  <properties/>
  <testcase name="relativeRequestTest" classname="com.linecorp.bot.client.LineMessagingServiceTest" time="0.016"/>
  <system-out><![CDATA[20:22:35.421 [MockWebServer 52980] INFO okhttp3.mockwebserver.MockWebServer - MockWebServer[52980] starting to accept connections
20:22:35.421 [Test worker] INFO com.linecorp.bot.client.wire - --> GET http://localhost:52980/CanContainsRelative/v2/bot/profile/USER_TOKEN http/1.1
20:22:35.421 [Test worker] INFO com.linecorp.bot.client.wire - Authorization: Bearer SECRET
20:22:35.421 [Test worker] INFO com.linecorp.bot.client.wire - User-Agent: line-botsdk-java/null
20:22:35.421 [Test worker] INFO com.linecorp.bot.client.wire - --> END GET
20:22:35.421 [MockWebServer /127.0.0.1:52981] INFO okhttp3.mockwebserver.MockWebServer - MockWebServer[52980] received request: GET /CanContainsRelative/v2/bot/profile/USER_TOKEN HTTP/1.1 and responded: HTTP/1.1 200 OK
20:22:35.421 [Test worker] INFO com.linecorp.bot.client.wire - <-- 200 OK http://localhost:52980/CanContainsRelative/v2/bot/profile/USER_TOKEN (1ms)
20:22:35.421 [Test worker] INFO com.linecorp.bot.client.wire - Content-Length: 116
20:22:35.421 [Test worker] INFO com.linecorp.bot.client.wire - 
20:22:35.421 [Test worker] INFO com.linecorp.bot.client.wire - {"displayName":"name","userId":"userId","pictureUrl":"https://line.me/picture_url","statusMessage":"Status message"}
20:22:35.421 [Test worker] INFO com.linecorp.bot.client.wire - <-- END HTTP (116-byte body)
20:22:35.421 [MockWebServer 52980] INFO okhttp3.mockwebserver.MockWebServer - MockWebServer[52980] done accepting connections: socket closed
]]></system-out>
  <system-err><![CDATA[]]></system-err>
</testsuite>
