<?xml version="1.0" encoding="UTF-8"?>
<testsuite name="com.linecorp.bot.client.ExceptionConverterTest" tests="3" skipped="0" failures="0" errors="0" timestamp="2017-11-14T12:22:34" hostname="Samson-PC" time="0.015">
  <properties/>
  <testcase name="convertTest" classname="com.linecorp.bot.client.ExceptionConverterTest" time="0.0"/>
  <testcase name="convertUnknownExceptionTest" classname="com.linecorp.bot.client.ExceptionConverterTest" time="0.0"/>
  <testcase name="exceptionInConvertFallbackedTest" classname="com.linecorp.bot.client.ExceptionConverterTest" time="0.015"/>
  <system-out><![CDATA[]]></system-out>
  <system-err><![CDATA[]]></system-err>
</testsuite>
