<?xml version="1.0" encoding="UTF-8"?>
<testsuite name="com.linecorp.bot.client.LineSignatureValidatorTest" tests="2" skipped="0" failures="0" errors="0" timestamp="2017-11-02T20:18:49" hostname="Samson-PC" time="0.134">
  <properties/>
  <testcase name="validateSignature" classname="com.linecorp.bot.client.LineSignatureValidatorTest" time="0.086"/>
  <testcase name="generateSignature" classname="com.linecorp.bot.client.LineSignatureValidatorTest" time="0.048"/>
  <system-out><![CDATA[]]></system-out>
  <system-err><![CDATA[]]></system-err>
</testsuite>
