<?xml version="1.0" encoding="UTF-8"?>
<testsuite name="com.linecorp.bot.client.LineMessagingClientImplTest" tests="7" skipped="0" failures="0" errors="0" timestamp="2017-11-02T20:18:49" hostname="Samson-PC" time="0.13">
  <properties/>
  <testcase name="getProfileTest" classname="com.linecorp.bot.client.LineMessagingClientImplTest" time="0.094"/>
  <testcase name="pushMessageTest" classname="com.linecorp.bot.client.LineMessagingClientImplTest" time="0.007"/>
  <testcase name="leaveRoomTest" classname="com.linecorp.bot.client.LineMessagingClientImplTest" time="0.009"/>
  <testcase name="replyMessageTest" classname="com.linecorp.bot.client.LineMessagingClientImplTest" time="0.003"/>
  <testcase name="getMessageContentTest" classname="com.linecorp.bot.client.LineMessagingClientImplTest" time="0.008"/>
  <testcase name="multicastTest" classname="com.linecorp.bot.client.LineMessagingClientImplTest" time="0.004"/>
  <testcase name="leaveGroupTest" classname="com.linecorp.bot.client.LineMessagingClientImplTest" time="0.002"/>
  <system-out><![CDATA[]]></system-out>
  <system-err><![CDATA[]]></system-err>
</testsuite>
