<?xml version="1.0" encoding="UTF-8"?>
<testsuite name="com.linecorp.bot.client.LineMessagingServiceTest" tests="1" skipped="0" failures="0" errors="0" timestamp="2017-11-02T20:18:49" hostname="Samson-PC" time="0.014">
  <properties/>
  <testcase name="relativeRequestTest" classname="com.linecorp.bot.client.LineMessagingServiceTest" time="0.014"/>
  <system-out><![CDATA[04:18:49.829 [MockWebServer 50583] INFO okhttp3.mockwebserver.MockWebServer - MockWebServer[50583] starting to accept connections
04:18:49.833 [Test worker] INFO com.linecorp.bot.client.wire - --> GET http://localhost:50583/CanContainsRelative/v2/bot/profile/USER_TOKEN http/1.1
04:18:49.833 [Test worker] INFO com.linecorp.bot.client.wire - Authorization: Bearer SECRET
04:18:49.833 [Test worker] INFO com.linecorp.bot.client.wire - User-Agent: line-botsdk-java/null
04:18:49.834 [Test worker] INFO com.linecorp.bot.client.wire - --> END GET
04:18:49.836 [Test worker] INFO com.linecorp.bot.client.wire - <-- 200 OK http://localhost:50583/CanContainsRelative/v2/bot/profile/USER_TOKEN (1ms)
04:18:49.836 [Test worker] INFO com.linecorp.bot.client.wire - Content-Length: 116
04:18:49.836 [MockWebServer /127.0.0.1:50584] INFO okhttp3.mockwebserver.MockWebServer - MockWebServer[50583] received request: GET /CanContainsRelative/v2/bot/profile/USER_TOKEN HTTP/1.1 and responded: HTTP/1.1 200 OK
04:18:49.836 [Test worker] INFO com.linecorp.bot.client.wire - 
04:18:49.836 [Test worker] INFO com.linecorp.bot.client.wire - {"displayName":"name","userId":"userId","pictureUrl":"https://line.me/picture_url","statusMessage":"Status message"}
04:18:49.837 [Test worker] INFO com.linecorp.bot.client.wire - <-- END HTTP (116-byte body)
04:18:49.841 [MockWebServer 50583] INFO okhttp3.mockwebserver.MockWebServer - MockWebServer[50583] done accepting connections: socket closed
]]></system-out>
  <system-err><![CDATA[]]></system-err>
</testsuite>
