<?xml version="1.0" encoding="UTF-8"?>
<testsuite name="com.linecorp.bot.client.ResponseBodyCallbackAdaptorTest" tests="3" skipped="0" failures="0" errors="0" timestamp="2017-11-14T12:22:35" hostname="Samson-PC" time="0.047">
  <properties/>
  <testcase name="onFailureTest" classname="com.linecorp.bot.client.ResponseBodyCallbackAdaptorTest" time="0.016"/>
  <testcase name="onResponseSuccessTest" classname="com.linecorp.bot.client.ResponseBodyCallbackAdaptorTest" time="0.016"/>
  <testcase name="onResponseFailTest" classname="com.linecorp.bot.client.ResponseBodyCallbackAdaptorTest" time="0.015"/>
  <system-out><![CDATA[]]></system-out>
  <system-err><![CDATA[]]></system-err>
</testsuite>
