<?xml version="1.0" encoding="UTF-8"?>
<testsuite name="com.linecorp.bot.client.LineMessagingClientImplWiremockTest" tests="5" skipped="0" failures="0" errors="0" timestamp="2017-11-03T15:25:01" hostname="Samson-PC" time="0.061">
  <properties/>
  <testcase name="status500InternalServerErrorTest" classname="com.linecorp.bot.client.LineMessagingClientImplWiremockTest" time="0.024"/>
  <testcase name="status403ForbiddenTest" classname="com.linecorp.bot.client.LineMessagingClientImplWiremockTest" time="0.015"/>
  <testcase name="status401UnauthorizedTest" classname="com.linecorp.bot.client.LineMessagingClientImplWiremockTest" time="0.006"/>
  <testcase name="status400BadRequestTest" classname="com.linecorp.bot.client.LineMessagingClientImplWiremockTest" time="0.007"/>
  <testcase name="status429TooManyRequestsTest" classname="com.linecorp.bot.client.LineMessagingClientImplWiremockTest" time="0.008"/>
  <system-out><![CDATA[23:25:01.174 [OkHttp http://localhost:57945/...] INFO com.linecorp.bot.client.wire - --> GET http://localhost:57945/v2/bot/message/TOKEN/content http/1.1
23:25:01.174 [OkHttp http://localhost:57945/...] INFO com.linecorp.bot.client.wire - Authorization: Bearer token
23:25:01.174 [OkHttp http://localhost:57945/...] INFO com.linecorp.bot.client.wire - User-Agent: line-botsdk-java/null
23:25:01.174 [OkHttp http://localhost:57945/...] INFO com.linecorp.bot.client.wire - --> END GET
23:25:01.178 [OkHttp http://localhost:57945/...] INFO com.linecorp.bot.client.wire - <-- 500 Server Error http://localhost:57945/v2/bot/message/TOKEN/content (4ms)
23:25:01.178 [OkHttp http://localhost:57945/...] INFO com.linecorp.bot.client.wire - Content-Length: 55
23:25:01.179 [OkHttp http://localhost:57945/...] INFO com.linecorp.bot.client.wire - 
23:25:01.179 [OkHttp http://localhost:57945/...] INFO com.linecorp.bot.client.wire - {"message":"Error on the internal server","details":[]}
23:25:01.179 [OkHttp http://localhost:57945/...] INFO com.linecorp.bot.client.wire - <-- END HTTP (55-byte body)
23:25:01.195 [OkHttp http://localhost:57947/...] INFO com.linecorp.bot.client.wire - --> GET http://localhost:57947/v2/bot/message/TOKEN/content http/1.1
23:25:01.195 [OkHttp http://localhost:57947/...] INFO com.linecorp.bot.client.wire - Authorization: Bearer token
23:25:01.195 [OkHttp http://localhost:57947/...] INFO com.linecorp.bot.client.wire - User-Agent: line-botsdk-java/null
23:25:01.195 [OkHttp http://localhost:57947/...] INFO com.linecorp.bot.client.wire - --> END GET
23:25:01.196 [OkHttp http://localhost:57947/...] INFO com.linecorp.bot.client.wire - <-- 403 Client Error http://localhost:57947/v2/bot/message/TOKEN/content (1ms)
23:25:01.197 [OkHttp http://localhost:57947/...] INFO com.linecorp.bot.client.wire - Content-Length: 57
23:25:01.197 [OkHttp http://localhost:57947/...] INFO com.linecorp.bot.client.wire - 
23:25:01.197 [OkHttp http://localhost:57947/...] INFO com.linecorp.bot.client.wire - {"message":"Not authorized to use the API.","details":[]}
23:25:01.197 [OkHttp http://localhost:57947/...] INFO com.linecorp.bot.client.wire - <-- END HTTP (57-byte body)
23:25:01.201 [OkHttp http://localhost:57949/...] INFO com.linecorp.bot.client.wire - --> GET http://localhost:57949/v2/bot/message/TOKEN/content http/1.1
23:25:01.201 [OkHttp http://localhost:57949/...] INFO com.linecorp.bot.client.wire - Authorization: Bearer token
23:25:01.201 [OkHttp http://localhost:57949/...] INFO com.linecorp.bot.client.wire - User-Agent: line-botsdk-java/null
23:25:01.201 [OkHttp http://localhost:57949/...] INFO com.linecorp.bot.client.wire - --> END GET
23:25:01.203 [OkHttp http://localhost:57949/...] INFO com.linecorp.bot.client.wire - <-- 401 Client Error http://localhost:57949/v2/bot/message/TOKEN/content (1ms)
23:25:01.203 [OkHttp http://localhost:57949/...] INFO com.linecorp.bot.client.wire - Content-Length: 70
23:25:01.203 [OkHttp http://localhost:57949/...] INFO com.linecorp.bot.client.wire - 
23:25:01.203 [OkHttp http://localhost:57949/...] INFO com.linecorp.bot.client.wire - {"message":"Valid Channel access token is not specified","details":[]}
23:25:01.203 [OkHttp http://localhost:57949/...] INFO com.linecorp.bot.client.wire - <-- END HTTP (70-byte body)
23:25:01.207 [OkHttp http://localhost:57951/...] INFO com.linecorp.bot.client.wire - --> GET http://localhost:57951/v2/bot/message/TOKEN/content http/1.1
23:25:01.208 [OkHttp http://localhost:57951/...] INFO com.linecorp.bot.client.wire - Authorization: Bearer token
23:25:01.208 [OkHttp http://localhost:57951/...] INFO com.linecorp.bot.client.wire - User-Agent: line-botsdk-java/null
23:25:01.208 [OkHttp http://localhost:57951/...] INFO com.linecorp.bot.client.wire - --> END GET
23:25:01.210 [OkHttp http://localhost:57951/...] INFO com.linecorp.bot.client.wire - <-- 400 Client Error http://localhost:57951/v2/bot/message/TOKEN/content (1ms)
23:25:01.210 [OkHttp http://localhost:57951/...] INFO com.linecorp.bot.client.wire - Content-Length: 51
23:25:01.210 [OkHttp http://localhost:57951/...] INFO com.linecorp.bot.client.wire - 
23:25:01.210 [OkHttp http://localhost:57951/...] INFO com.linecorp.bot.client.wire - {"message":"Problem with the request","details":[]}
23:25:01.211 [OkHttp http://localhost:57951/...] INFO com.linecorp.bot.client.wire - <-- END HTTP (51-byte body)
23:25:01.215 [OkHttp http://localhost:57953/...] INFO com.linecorp.bot.client.wire - --> GET http://localhost:57953/v2/bot/message/TOKEN/content http/1.1
23:25:01.215 [OkHttp http://localhost:57953/...] INFO com.linecorp.bot.client.wire - Authorization: Bearer token
23:25:01.215 [OkHttp http://localhost:57953/...] INFO com.linecorp.bot.client.wire - User-Agent: line-botsdk-java/null
23:25:01.216 [OkHttp http://localhost:57953/...] INFO com.linecorp.bot.client.wire - --> END GET
23:25:01.218 [OkHttp http://localhost:57953/...] INFO com.linecorp.bot.client.wire - <-- 429 Client Error http://localhost:57953/v2/bot/message/TOKEN/content (1ms)
23:25:01.218 [OkHttp http://localhost:57953/...] INFO com.linecorp.bot.client.wire - Content-Length: 64
23:25:01.218 [OkHttp http://localhost:57953/...] INFO com.linecorp.bot.client.wire - 
23:25:01.219 [OkHttp http://localhost:57953/...] INFO com.linecorp.bot.client.wire - {"message":"Exceeded the rate limit for API calls","details":[]}
23:25:01.219 [OkHttp http://localhost:57953/...] INFO com.linecorp.bot.client.wire - <-- END HTTP (64-byte body)
]]></system-out>
  <system-err><![CDATA[]]></system-err>
</testsuite>
