<?xml version="1.0" encoding="UTF-8"?>
<testsuite name="com.linecorp.bot.client.ExceptionConverterTest" tests="3" skipped="0" failures="0" errors="0" timestamp="2017-11-03T15:25:00" hostname="Samson-PC" time="0.009">
  <properties/>
  <testcase name="convertTest" classname="com.linecorp.bot.client.ExceptionConverterTest" time="0.001"/>
  <testcase name="convertUnknownExceptionTest" classname="com.linecorp.bot.client.ExceptionConverterTest" time="0.0"/>
  <testcase name="exceptionInConvertFallbackedTest" classname="com.linecorp.bot.client.ExceptionConverterTest" time="0.007"/>
  <system-out><![CDATA[]]></system-out>
  <system-err><![CDATA[]]></system-err>
</testsuite>
