<?xml version="1.0" encoding="UTF-8"?>
<testsuite name="com.linecorp.bot.client.LineMessagingClientImplWiremockTest" tests="5" skipped="0" failures="0" errors="0" timestamp="2017-11-14T12:22:35" hostname="Samson-PC" time="0.14">
  <properties/>
  <testcase name="status500InternalServerErrorTest" classname="com.linecorp.bot.client.LineMessagingClientImplWiremockTest" time="0.078"/>
  <testcase name="status403ForbiddenTest" classname="com.linecorp.bot.client.LineMessagingClientImplWiremockTest" time="0.031"/>
  <testcase name="status401UnauthorizedTest" classname="com.linecorp.bot.client.LineMessagingClientImplWiremockTest" time="0.016"/>
  <testcase name="status400BadRequestTest" classname="com.linecorp.bot.client.LineMessagingClientImplWiremockTest" time="0.0"/>
  <testcase name="status429TooManyRequestsTest" classname="com.linecorp.bot.client.LineMessagingClientImplWiremockTest" time="0.015"/>
  <system-out><![CDATA[20:22:35.296 [OkHttp http://localhost:52970/...] INFO com.linecorp.bot.client.wire - --> GET http://localhost:52970/v2/bot/message/TOKEN/content http/1.1
20:22:35.296 [OkHttp http://localhost:52970/...] INFO com.linecorp.bot.client.wire - Authorization: Bearer token
20:22:35.296 [OkHttp http://localhost:52970/...] INFO com.linecorp.bot.client.wire - User-Agent: line-botsdk-java/null
20:22:35.296 [OkHttp http://localhost:52970/...] INFO com.linecorp.bot.client.wire - --> END GET
20:22:35.327 [OkHttp http://localhost:52970/...] INFO com.linecorp.bot.client.wire - <-- 500 Server Error http://localhost:52970/v2/bot/message/TOKEN/content (23ms)
20:22:35.327 [OkHttp http://localhost:52970/...] INFO com.linecorp.bot.client.wire - Content-Length: 55
20:22:35.327 [OkHttp http://localhost:52970/...] INFO com.linecorp.bot.client.wire - 
20:22:35.327 [OkHttp http://localhost:52970/...] INFO com.linecorp.bot.client.wire - {"message":"Error on the internal server","details":[]}
20:22:35.327 [OkHttp http://localhost:52970/...] INFO com.linecorp.bot.client.wire - <-- END HTTP (55-byte body)
20:22:35.374 [OkHttp http://localhost:52972/...] INFO com.linecorp.bot.client.wire - --> GET http://localhost:52972/v2/bot/message/TOKEN/content http/1.1
20:22:35.374 [OkHttp http://localhost:52972/...] INFO com.linecorp.bot.client.wire - Authorization: Bearer token
20:22:35.374 [OkHttp http://localhost:52972/...] INFO com.linecorp.bot.client.wire - User-Agent: line-botsdk-java/null
20:22:35.374 [OkHttp http://localhost:52972/...] INFO com.linecorp.bot.client.wire - --> END GET
20:22:35.374 [OkHttp http://localhost:52972/...] INFO com.linecorp.bot.client.wire - <-- 403 Client Error http://localhost:52972/v2/bot/message/TOKEN/content (1ms)
20:22:35.374 [OkHttp http://localhost:52972/...] INFO com.linecorp.bot.client.wire - Content-Length: 57
20:22:35.374 [OkHttp http://localhost:52972/...] INFO com.linecorp.bot.client.wire - 
20:22:35.374 [OkHttp http://localhost:52972/...] INFO com.linecorp.bot.client.wire - {"message":"Not authorized to use the API.","details":[]}
20:22:35.374 [OkHttp http://localhost:52972/...] INFO com.linecorp.bot.client.wire - <-- END HTTP (57-byte body)
20:22:35.374 [OkHttp http://localhost:52974/...] INFO com.linecorp.bot.client.wire - --> GET http://localhost:52974/v2/bot/message/TOKEN/content http/1.1
20:22:35.374 [OkHttp http://localhost:52974/...] INFO com.linecorp.bot.client.wire - Authorization: Bearer token
20:22:35.374 [OkHttp http://localhost:52974/...] INFO com.linecorp.bot.client.wire - User-Agent: line-botsdk-java/null
20:22:35.374 [OkHttp http://localhost:52974/...] INFO com.linecorp.bot.client.wire - --> END GET
20:22:35.390 [OkHttp http://localhost:52974/...] INFO com.linecorp.bot.client.wire - <-- 401 Client Error http://localhost:52974/v2/bot/message/TOKEN/content (1ms)
20:22:35.390 [OkHttp http://localhost:52974/...] INFO com.linecorp.bot.client.wire - Content-Length: 70
20:22:35.390 [OkHttp http://localhost:52974/...] INFO com.linecorp.bot.client.wire - 
20:22:35.390 [OkHttp http://localhost:52974/...] INFO com.linecorp.bot.client.wire - {"message":"Valid Channel access token is not specified","details":[]}
20:22:35.390 [OkHttp http://localhost:52974/...] INFO com.linecorp.bot.client.wire - <-- END HTTP (70-byte body)
20:22:35.390 [OkHttp http://localhost:52976/...] INFO com.linecorp.bot.client.wire - --> GET http://localhost:52976/v2/bot/message/TOKEN/content http/1.1
20:22:35.390 [OkHttp http://localhost:52976/...] INFO com.linecorp.bot.client.wire - Authorization: Bearer token
20:22:35.390 [OkHttp http://localhost:52976/...] INFO com.linecorp.bot.client.wire - User-Agent: line-botsdk-java/null
20:22:35.390 [OkHttp http://localhost:52976/...] INFO com.linecorp.bot.client.wire - --> END GET
20:22:35.390 [OkHttp http://localhost:52976/...] INFO com.linecorp.bot.client.wire - <-- 400 Client Error http://localhost:52976/v2/bot/message/TOKEN/content (2ms)
20:22:35.390 [OkHttp http://localhost:52976/...] INFO com.linecorp.bot.client.wire - Content-Length: 51
20:22:35.390 [OkHttp http://localhost:52976/...] INFO com.linecorp.bot.client.wire - 
20:22:35.390 [OkHttp http://localhost:52976/...] INFO com.linecorp.bot.client.wire - {"message":"Problem with the request","details":[]}
20:22:35.390 [OkHttp http://localhost:52976/...] INFO com.linecorp.bot.client.wire - <-- END HTTP (51-byte body)
20:22:35.405 [OkHttp http://localhost:52978/...] INFO com.linecorp.bot.client.wire - --> GET http://localhost:52978/v2/bot/message/TOKEN/content http/1.1
20:22:35.405 [OkHttp http://localhost:52978/...] INFO com.linecorp.bot.client.wire - Authorization: Bearer token
20:22:35.405 [OkHttp http://localhost:52978/...] INFO com.linecorp.bot.client.wire - User-Agent: line-botsdk-java/null
20:22:35.405 [OkHttp http://localhost:52978/...] INFO com.linecorp.bot.client.wire - --> END GET
20:22:35.405 [OkHttp http://localhost:52978/...] INFO com.linecorp.bot.client.wire - <-- 429 Client Error http://localhost:52978/v2/bot/message/TOKEN/content (2ms)
20:22:35.405 [OkHttp http://localhost:52978/...] INFO com.linecorp.bot.client.wire - Content-Length: 64
20:22:35.405 [OkHttp http://localhost:52978/...] INFO com.linecorp.bot.client.wire - 
20:22:35.405 [OkHttp http://localhost:52978/...] INFO com.linecorp.bot.client.wire - {"message":"Exceeded the rate limit for API calls","details":[]}
20:22:35.405 [OkHttp http://localhost:52978/...] INFO com.linecorp.bot.client.wire - <-- END HTTP (64-byte body)
]]></system-out>
  <system-err><![CDATA[]]></system-err>
</testsuite>
