<?xml version="1.0" encoding="UTF-8"?>
<testsuite name="com.linecorp.bot.spring.boot.BotPropertiesValidatorTest" tests="4" skipped="0" failures="0" errors="0" timestamp="2017-11-14T12:23:07" hostname="Samson-PC" time="0.312">
  <properties/>
  <testcase name="ngForSupplierTest" classname="com.linecorp.bot.spring.boot.BotPropertiesValidatorTest" time="0.281"/>
  <testcase name="okForFixedTest" classname="com.linecorp.bot.spring.boot.BotPropertiesValidatorTest" time="0.015"/>
  <testcase name="ngForFixedTest" classname="com.linecorp.bot.spring.boot.BotPropertiesValidatorTest" time="0.016"/>
  <testcase name="okForSupplierTest" classname="com.linecorp.bot.spring.boot.BotPropertiesValidatorTest" time="0.0"/>
  <system-out><![CDATA[20:23:07.430 [Test worker] DEBUG org.jboss.logging - Logging Provider: org.jboss.logging.Slf4jLoggerProvider
20:23:07.446 [Test worker] INFO org.hibernate.validator.internal.util.Version - HV000001: Hibernate Validator 5.3.4.Final
20:23:07.509 [Test worker] DEBUG org.hibernate.validator.internal.engine.resolver.DefaultTraversableResolver - Cannot find javax.persistence.Persistence on classpath. Assuming non JPA 2 environment. All properties will per default be traversable.
20:23:07.524 [Test worker] DEBUG org.hibernate.validator.internal.xml.ValidationXmlParser - Trying to load META-INF/validation.xml for XML based Validator configuration.
20:23:07.524 [Test worker] DEBUG org.hibernate.validator.internal.xml.ResourceLoaderHelper - Trying to load META-INF/validation.xml via TCCL
20:23:07.524 [Test worker] DEBUG org.hibernate.validator.internal.xml.ResourceLoaderHelper - Trying to load META-INF/validation.xml via Hibernate Validator's class loader
20:23:07.524 [Test worker] DEBUG org.hibernate.validator.internal.xml.ValidationXmlParser - No META-INF/validation.xml found. Using annotation based configuration only.
20:23:07.805 [Test worker] DEBUG org.hibernate.validator.resourceloading.PlatformResourceBundleLocator - ValidationMessages not found.
20:23:07.805 [Test worker] DEBUG org.hibernate.validator.resourceloading.PlatformResourceBundleLocator - ContributorValidationMessages not found.
20:23:07.805 [Test worker] DEBUG org.hibernate.validator.resourceloading.PlatformResourceBundleLocator - org.hibernate.validator.ValidationMessages found.
20:23:07.821 [Test worker] DEBUG org.hibernate.validator.resourceloading.PlatformResourceBundleLocator - ValidationMessages not found.
20:23:07.821 [Test worker] DEBUG org.hibernate.validator.resourceloading.PlatformResourceBundleLocator - ContributorValidationMessages not found.
20:23:07.821 [Test worker] DEBUG org.hibernate.validator.resourceloading.PlatformResourceBundleLocator - org.hibernate.validator.ValidationMessages found.
20:23:07.930 [Test worker] DEBUG org.hibernate.validator.resourceloading.PlatformResourceBundleLocator - ValidationMessages not found.
20:23:07.930 [Test worker] DEBUG org.hibernate.validator.resourceloading.PlatformResourceBundleLocator - ContributorValidationMessages not found.
20:23:07.930 [Test worker] DEBUG org.hibernate.validator.resourceloading.PlatformResourceBundleLocator - org.hibernate.validator.ValidationMessages found.
]]></system-out>
  <system-err><![CDATA[]]></system-err>
</testsuite>
